2018-08-22 12:36:58,871 [http-bio-8080-exec-3] [org.springframework.web.servlet.mvc.method.annotation.RequestMappingHandlerMapping]-[DEBUG] Looking up handler method for path /js/jquery-easyui-1.4.1/themes/default/images/tabs_icons.png
2018-08-22 12:36:58,871 [http-bio-8080-exec-3] [org.springframework.web.servlet.mvc.method.annotation.RequestMappingHandlerMapping]-[DEBUG] Did not find handler method for [/js/jquery-easyui-1.4.1/themes/default/images/tabs_icons.png]
2018-08-22 12:36:58,872 [http-bio-8080-exec-3] [org.springframework.web.servlet.handler.SimpleUrlHandlerMapping]-[DEBUG] Matching patterns for request [/js/jquery-easyui-1.4.1/themes/default/images/tabs_icons.png] are [/js/**]
2018-08-22 12:36:58,872 [http-bio-8080-exec-3] [org.springframework.web.servlet.handler.SimpleUrlHandlerMapping]-[DEBUG] URI Template variables for request [/js/jquery-easyui-1.4.1/themes/default/images/tabs_icons.png] are {}
2018-08-22 12:36:58,873 [http-bio-8080-exec-3] [org.springframework.web.servlet.handler.SimpleUrlHandlerMapping]-[DEBUG] Mapping [/js/jquery-easyui-1.4.1/themes/default/images/tabs_icons.png] to HandlerExecutionChain with handler [ResourceHttpRequestHandler [locations=[ServletContext resource [/WEB-INF/js/]], resolvers=[org.springframework.web.servlet.resource.PathResourceResolver@69c6bc38]]] and 1 interceptor
2018-08-22 12:36:58,873 [http-bio-8080-exec-3] [org.springframework.web.servlet.DispatcherServlet]-[DEBUG] Last-Modified value for [/js/jquery-easyui-1.4.1/themes/default/images/tabs_icons.png] is: -1
2018-08-22 12:36:58,878 [http-bio-8080-exec-3] [org.springframework.web.servlet.DispatcherServlet]-[DEBUG] Null ModelAndView returned to DispatcherServlet with name 'taotao-manager': assuming HandlerAdapter completed request handling
2018-08-22 12:36:58,878 [http-bio-8080-exec-3] [org.springframework.web.servlet.DispatcherServlet]-[DEBUG] Successfully completed request
2018-08-22 12:36:58,938 [http-bio-8080-exec-3] [org.springframework.web.servlet.DispatcherServlet]-[DEBUG] DispatcherServlet with name 'taotao-manager' processing GET request for [/favicon.ico]
2018-08-22 12:36:58,939 [http-bio-8080-exec-3] [org.springframework.web.servlet.mvc.method.annotation.RequestMappingHandlerMapping]-[DEBUG] Looking up handler method for path /favicon.ico
2018-08-22 12:36:58,939 [http-bio-8080-exec-3] [org.springframework.web.servlet.mvc.method.annotation.RequestMappingHandlerMapping]-[DEBUG] Returning handler method [public java.lang.String com.taotao.controller.PageController.showpage(java.lang.String)]
2018-08-22 12:36:58,939 [http-bio-8080-exec-3] [org.springframework.beans.factory.support.DefaultListableBeanFactory]-[DEBUG] Returning cached instance of singleton bean 'pageController'
2018-08-22 12:36:58,939 [http-bio-8080-exec-3] [org.springframework.web.servlet.DispatcherServlet]-[DEBUG] Last-Modified value for [/favicon.ico] is: -1
2018-08-22 12:36:58,953 [http-bio-8080-exec-3] [org.springframework.beans.factory.support.DefaultListableBeanFactory]-[DEBUG] Invoking afterPropertiesSet() on bean with name 'favicon'
2018-08-22 12:36:58,954 [http-bio-8080-exec-3] [org.springframework.web.servlet.DispatcherServlet]-[DEBUG] Rendering view [org.springframework.web.servlet.view.JstlView: name 'favicon'; URL [/WEB-INF/jsp/favicon.jsp]] in DispatcherServlet with name 'taotao-manager'
2018-08-22 12:36:58,954 [http-bio-8080-exec-3] [org.springframework.web.servlet.view.JstlView]-[DEBUG] Added model object 'page' of type [java.lang.String] to request in view with name 'favicon'
2018-08-22 12:36:58,954 [http-bio-8080-exec-3] [org.springframework.web.servlet.view.JstlView]-[DEBUG] Forwarding to resource [/WEB-INF/jsp/favicon.jsp] in InternalResourceView 'favicon'
2018-08-22 12:36:58,955 [http-bio-8080-exec-3] [org.springframework.web.servlet.DispatcherServlet]-[DEBUG] Successfully completed request
2018-08-22 12:37:01,107 [http-bio-8080-exec-3] [org.springframework.web.servlet.DispatcherServlet]-[DEBUG] DispatcherServlet with name 'taotao-manager' processing GET request for [/item-add]
2018-08-22 12:37:01,107 [http-bio-8080-exec-3] [org.springframework.web.servlet.mvc.method.annotation.RequestMappingHandlerMapping]-[DEBUG] Looking up handler method for path /item-add
2018-08-22 12:37:01,107 [http-bio-8080-exec-3] [org.springframework.web.servlet.mvc.method.annotation.RequestMappingHandlerMapping]-[DEBUG] Returning handler method [public java.lang.String com.taotao.controller.PageController.showpage(java.lang.String)]
2018-08-22 12:37:01,107 [http-bio-8080-exec-3] [org.springframework.beans.factory.support.DefaultListableBeanFactory]-[DEBUG] Returning cached instance of singleton bean 'pageController'
2018-08-22 12:37:01,108 [http-bio-8080-exec-3] [org.springframework.web.servlet.DispatcherServlet]-[DEBUG] Last-Modified value for [/item-add] is: -1
2018-08-22 12:37:01,108 [http-bio-8080-exec-5] [org.springframework.web.servlet.DispatcherServlet]-[DEBUG] DispatcherServlet with name 'taotao-manager' processing GET request for [/js/jquery-easyui-1.4.1/themes/default/images/loading.gif]
2018-08-22 12:37:01,108 [http-bio-8080-exec-5] [org.springframework.web.servlet.mvc.method.annotation.RequestMappingHandlerMapping]-[DEBUG] Looking up handler method for path /js/jquery-easyui-1.4.1/themes/default/images/loading.gif
2018-08-22 12:37:01,108 [http-bio-8080-exec-5] [org.springframework.web.servlet.mvc.method.annotation.RequestMappingHandlerMapping]-[DEBUG] Did not find handler method for [/js/jquery-easyui-1.4.1/themes/default/images/loading.gif]
2018-08-22 12:37:01,108 [http-bio-8080-exec-5] [org.springframework.web.servlet.handler.SimpleUrlHandlerMapping]-[DEBUG] Matching patterns for request [/js/jquery-easyui-1.4.1/themes/default/images/loading.gif] are [/js/**]
2018-08-22 12:37:01,108 [http-bio-8080-exec-3] [org.springframework.beans.factory.support.DefaultListableBeanFactory]-[DEBUG] Invoking afterPropertiesSet() on bean with name 'item-add'
2018-08-22 12:37:01,108 [http-bio-8080-exec-5] [org.springframework.web.servlet.handler.SimpleUrlHandlerMapping]-[DEBUG] URI Template variables for request [/js/jquery-easyui-1.4.1/themes/default/images/loading.gif] are {}
2018-08-22 12:37:01,108 [http-bio-8080-exec-3] [org.springframework.web.servlet.DispatcherServlet]-[DEBUG] Rendering view [org.springframework.web.servlet.view.JstlView: name 'item-add'; URL [/WEB-INF/jsp/item-add.jsp]] in DispatcherServlet with name 'taotao-manager'
2018-08-22 12:37:01,109 [http-bio-8080-exec-5] [org.springframework.web.servlet.handler.SimpleUrlHandlerMapping]-[DEBUG] Mapping [/js/jquery-easyui-1.4.1/themes/default/images/loading.gif] to HandlerExecutionChain with handler [ResourceHttpRequestHandler [locations=[ServletContext resource [/WEB-INF/js/]], resolvers=[org.springframework.web.servlet.resource.PathResourceResolver@69c6bc38]]] and 1 interceptor
2018-08-22 12:37:01,109 [http-bio-8080-exec-3] [org.springframework.web.servlet.view.JstlView]-[DEBUG] Added model object 'page' of type [java.lang.String] to request in view with name 'item-add'
2018-08-22 12:37:01,109 [http-bio-8080-exec-5] [org.springframework.web.servlet.DispatcherServlet]-[DEBUG] Last-Modified value for [/js/jquery-easyui-1.4.1/themes/default/images/loading.gif] is: -1
2018-08-22 12:37:01,109 [http-bio-8080-exec-3] [org.springframework.web.servlet.view.JstlView]-[DEBUG] Forwarding to resource [/WEB-INF/jsp/item-add.jsp] in InternalResourceView 'item-add'
2018-08-22 12:37:01,110 [http-bio-8080-exec-5] [org.springframework.web.servlet.DispatcherServlet]-[DEBUG] Null ModelAndView returned to DispatcherServlet with name 'taotao-manager': assuming HandlerAdapter completed request handling
2018-08-22 12:37:01,110 [http-bio-8080-exec-5] [org.springframework.web.servlet.DispatcherServlet]-[DEBUG] Successfully completed request
2018-08-22 12:37:01,244 [http-bio-8080-exec-3] [org.springframework.web.servlet.DispatcherServlet]-[DEBUG] Successfully completed request
2018-08-22 12:37:01,253 [http-bio-8080-exec-6] [org.springframework.web.servlet.DispatcherServlet]-[DEBUG] DispatcherServlet with name 'taotao-manager' processing GET request for [/js/kindeditor-4.1.10/themes/default/default.css]
2018-08-22 12:37:01,254 [http-bio-8080-exec-6] [org.springframework.web.servlet.mvc.method.annotation.RequestMappingHandlerMapping]-[DEBUG] Looking up handler method for path /js/kindeditor-4.1.10/themes/default/default.css
2018-08-22 12:37:01,254 [http-bio-8080-exec-6] [org.springframework.web.servlet.mvc.method.annotation.RequestMappingHandlerMapping]-[DEBUG] Did not find handler method for [/js/kindeditor-4.1.10/themes/default/default.css]
2018-08-22 12:37:01,254 [http-bio-8080-exec-6] [org.springframework.web.servlet.handler.SimpleUrlHandlerMapping]-[DEBUG] Matching patterns for request [/js/kindeditor-4.1.10/themes/default/default.css] are [/js/**]
2018-08-22 12:37:01,254 [http-bio-8080-exec-6] [org.springframework.web.servlet.handler.SimpleUrlHandlerMapping]-[DEBUG] URI Template variables for request [/js/kindeditor-4.1.10/themes/default/default.css] are {}
2018-08-22 12:37:01,255 [http-bio-8080-exec-6] [org.springframework.web.servlet.handler.SimpleUrlHandlerMapping]-[DEBUG] Mapping [/js/kindeditor-4.1.10/themes/default/default.css] to HandlerExecutionChain with handler [ResourceHttpRequestHandler [locations=[ServletContext resource [/WEB-INF/js/]], resolvers=[org.springframework.web.servlet.resource.PathResourceResolver@69c6bc38]]] and 1 interceptor
2018-08-22 12:37:01,255 [http-bio-8080-exec-6] [org.springframework.web.servlet.DispatcherServlet]-[DEBUG] Last-Modified value for [/js/kindeditor-4.1.10/themes/default/default.css] is: -1
2018-08-22 12:37:01,255 [http-bio-8080-exec-5] [org.springframework.web.servlet.DispatcherServlet]-[DEBUG] DispatcherServlet with name 'taotao-manager' processing GET request for [/js/kindeditor-4.1.10/kindeditor-all-min.js]
2018-08-22 12:37:01,255 [http-bio-8080-exec-5] [org.springframework.web.servlet.mvc.method.annotation.RequestMappingHandlerMapping]-[DEBUG] Looking up handler method for path /js/kindeditor-4.1.10/kindeditor-all-min.js
2018-08-22 12:37:01,256 [http-bio-8080-exec-5] [org.springframework.web.servlet.mvc.method.annotation.RequestMappingHandlerMapping]-[DEBUG] Did not find handler method for [/js/kindeditor-4.1.10/kindeditor-all-min.js]
2018-08-22 12:37:01,256 [http-bio-8080-exec-5] [org.springframework.web.servlet.handler.SimpleUrlHandlerMapping]-[DEBUG] Matching patterns for request [/js/kindeditor-4.1.10/kindeditor-all-min.js] are [/js/**]
2018-08-22 12:37:01,256 [http-bio-8080-exec-5] [org.springframework.web.servlet.handler.SimpleUrlHandlerMapping]-[DEBUG] URI Template variables for request [/js/kindeditor-4.1.10/kindeditor-all-min.js] are {}
2018-08-22 12:37:01,256 [http-bio-8080-exec-5] [org.springframework.web.servlet.handler.SimpleUrlHandlerMapping]-[DEBUG] Mapping [/js/kindeditor-4.1.10/kindeditor-all-min.js] to HandlerExecutionChain with handler [ResourceHttpRequestHandler [locations=[ServletContext resource [/WEB-INF/js/]], resolvers=[org.springframework.web.servlet.resource.PathResourceResolver@69c6bc38]]] and 1 interceptor
2018-08-22 12:37:01,256 [http-bio-8080-exec-5] [org.springframework.web.servlet.DispatcherServlet]-[DEBUG] Last-Modified value for [/js/kindeditor-4.1.10/kindeditor-all-min.js] is: -1
2018-08-22 12:37:01,262 [http-bio-8080-exec-6] [org.springframework.web.servlet.DispatcherServlet]-[DEBUG] Null ModelAndView returned to DispatcherServlet with name 'taotao-manager': assuming HandlerAdapter completed request handling
2018-08-22 12:37:01,262 [http-bio-8080-exec-6] [org.springframework.web.servlet.DispatcherServlet]-[DEBUG] Successfully completed request
2018-08-22 12:37:01,279 [http-bio-8080-exec-5] [org.springframework.web.servlet.DispatcherServlet]-[DEBUG] Null ModelAndView returned to DispatcherServlet with name 'taotao-manager': assuming HandlerAdapter completed request handling
2018-08-22 12:37:01,279 [http-bio-8080-exec-5] [org.springframework.web.servlet.DispatcherServlet]-[DEBUG] Successfully completed request
2018-08-22 12:37:01,305 [http-bio-8080-exec-5] [org.springframework.web.servlet.DispatcherServlet]-[DEBUG] DispatcherServlet with name 'taotao-manager' processing GET request for [/js/kindeditor-4.1.10/lang/zh_CN.js]
2018-08-22 12:37:01,305 [http-bio-8080-exec-5] [org.springframework.web.servlet.mvc.method.annotation.RequestMappingHandlerMapping]-[DEBUG] Looking up handler method for path /js/kindeditor-4.1.10/lang/zh_CN.js
2018-08-22 12:37:01,305 [http-bio-8080-exec-5] [org.springframework.web.servlet.mvc.method.annotation.RequestMappingHandlerMapping]-[DEBUG] Did not find handler method for [/js/kindeditor-4.1.10/lang/zh_CN.js]
2018-08-22 12:37:01,305 [http-bio-8080-exec-5] [org.springframework.web.servlet.handler.SimpleUrlHandlerMapping]-[DEBUG] Matching patterns for request [/js/kindeditor-4.1.10/lang/zh_CN.js] are [/js/**]
2018-08-22 12:37:01,306 [http-bio-8080-exec-5] [org.springframework.web.servlet.handler.SimpleUrlHandlerMapping]-[DEBUG] URI Template variables for request [/js/kindeditor-4.1.10/lang/zh_CN.js] are {}
2018-08-22 12:37:01,306 [http-bio-8080-exec-5] [org.springframework.web.servlet.handler.SimpleUrlHandlerMapping]-[DEBUG] Mapping [/js/kindeditor-4.1.10/lang/zh_CN.js] to HandlerExecutionChain with handler [ResourceHttpRequestHandler [locations=[ServletContext resource [/WEB-INF/js/]], resolvers=[org.springframework.web.servlet.resource.PathResourceResolver@69c6bc38]]] and 1 interceptor
2018-08-22 12:37:01,306 [http-bio-8080-exec-5] [org.springframework.web.servlet.DispatcherServlet]-[DEBUG] Last-Modified value for [/js/kindeditor-4.1.10/lang/zh_CN.js] is: -1
2018-08-22 12:37:01,323 [http-bio-8080-exec-5] [org.springframework.web.servlet.DispatcherServlet]-[DEBUG] Null ModelAndView returned to DispatcherServlet with name 'taotao-manager': assuming HandlerAdapter completed request handling
2018-08-22 12:37:01,323 [http-bio-8080-exec-5] [org.springframework.web.servlet.DispatcherServlet]-[DEBUG] Successfully completed request
2018-08-22 12:37:01,454 [http-bio-8080-exec-5] [org.springframework.web.servlet.DispatcherServlet]-[DEBUG] DispatcherServlet with name 'taotao-manager' processing GET request for [/js/kindeditor-4.1.10/themes/default/default.png]
2018-08-22 12:37:01,454 [http-bio-8080-exec-5] [org.springframework.web.servlet.mvc.method.annotation.RequestMappingHandlerMapping]-[DEBUG] Looking up handler method for path /js/kindeditor-4.1.10/themes/default/default.png
2018-08-22 12:37:01,454 [http-bio-8080-exec-5] [org.springframework.web.servlet.mvc.method.annotation.RequestMappingHandlerMapping]-[DEBUG] Did not find handler method for [/js/kindeditor-4.1.10/themes/default/default.png]
2018-08-22 12:37:01,455 [http-bio-8080-exec-5] [org.springframework.web.servlet.handler.SimpleUrlHandlerMapping]-[DEBUG] Matching patterns for request [/js/kindeditor-4.1.10/themes/default/default.png] are [/js/**]
2018-08-22 12:37:01,455 [http-bio-8080-exec-5] [org.springframework.web.servlet.handler.SimpleUrlHandlerMapping]-[DEBUG] URI Template variables for request [/js/kindeditor-4.1.10/themes/default/default.png] are {}
2018-08-22 12:37:01,455 [http-bio-8080-exec-5] [org.springframework.web.servlet.handler.SimpleUrlHandlerMapping]-[DEBUG] Mapping [/js/kindeditor-4.1.10/themes/default/default.png] to HandlerExecutionChain with handler [ResourceHttpRequestHandler [locations=[ServletContext resource [/WEB-INF/js/]], resolvers=[org.springframework.web.servlet.resource.PathResourceResolver@69c6bc38]]] and 1 interceptor
2018-08-22 12:37:01,455 [http-bio-8080-exec-5] [org.springframework.web.servlet.DispatcherServlet]-[DEBUG] Last-Modified value for [/js/kindeditor-4.1.10/themes/default/default.png] is: -1
2018-08-22 12:37:01,457 [http-bio-8080-exec-5] [org.springframework.web.servlet.DispatcherServlet]-[DEBUG] Null ModelAndView returned to DispatcherServlet with name 'taotao-manager': assuming HandlerAdapter completed request handling
2018-08-22 12:37:01,457 [http-bio-8080-exec-5] [org.springframework.web.servlet.DispatcherServlet]-[DEBUG] Successfully completed request
2018-08-22 12:37:03,756 [http-bio-8080-exec-3] [org.springframework.web.servlet.DispatcherServlet]-[DEBUG] DispatcherServlet with name 'taotao-manager' processing GET request for [/js/jquery-easyui-1.4.1/themes/icons/filesave.png]
2018-08-22 12:37:03,756 [http-bio-8080-exec-3] [org.springframework.web.servlet.mvc.method.annotation.RequestMappingHandlerMapping]-[DEBUG] Looking up handler method for path /js/jquery-easyui-1.4.1/themes/icons/filesave.png
2018-08-22 12:37:03,756 [http-bio-8080-exec-3] [org.springframework.web.servlet.mvc.method.annotation.RequestMappingHandlerMapping]-[DEBUG] Did not find handler method for [/js/jquery-easyui-1.4.1/themes/icons/filesave.png]
2018-08-22 12:37:03,756 [http-bio-8080-exec-3] [org.springframework.web.servlet.handler.SimpleUrlHandlerMapping]-[DEBUG] Matching patterns for request [/js/jquery-easyui-1.4.1/themes/icons/filesave.png] are [/js/**]
2018-08-22 12:37:03,756 [http-bio-8080-exec-3] [org.springframework.web.servlet.handler.SimpleUrlHandlerMapping]-[DEBUG] URI Template variables for request [/js/jquery-easyui-1.4.1/themes/icons/filesave.png] are {}
2018-08-22 12:37:03,756 [http-bio-8080-exec-3] [org.springframework.web.servlet.handler.SimpleUrlHandlerMapping]-[DEBUG] Mapping [/js/jquery-easyui-1.4.1/themes/icons/filesave.png] to HandlerExecutionChain with handler [ResourceHttpRequestHandler [locations=[ServletContext resource [/WEB-INF/js/]], resolvers=[org.springframework.web.servlet.resource.PathResourceResolver@69c6bc38]]] and 1 interceptor
2018-08-22 12:37:03,757 [http-bio-8080-exec-3] [org.springframework.web.servlet.DispatcherServlet]-[DEBUG] Last-Modified value for [/js/jquery-easyui-1.4.1/themes/icons/filesave.png] is: -1
2018-08-22 12:37:03,767 [http-bio-8080-exec-6] [org.springframework.web.servlet.DispatcherServlet]-[DEBUG] DispatcherServlet with name 'taotao-manager' processing POST request for [/item/cat/list]
2018-08-22 12:37:03,768 [http-bio-8080-exec-6] [org.springframework.web.servlet.mvc.method.annotation.RequestMappingHandlerMapping]-[DEBUG] Looking up handler method for path /item/cat/list
2018-08-22 12:37:03,769 [http-bio-8080-exec-6] [org.springframework.web.servlet.mvc.method.annotation.RequestMappingHandlerMapping]-[DEBUG] Returning handler method [private java.util.List<com.taotao.common.pojo.EUTreeNode> com.taotao.controller.ItemCatController.getCatList(java.lang.Long)]
2018-08-22 12:37:03,769 [http-bio-8080-exec-6] [org.springframework.beans.factory.support.DefaultListableBeanFactory]-[DEBUG] Returning cached instance of singleton bean 'itemCatController'
2018-08-22 12:37:03,799 [http-bio-8080-exec-6] [org.mybatis.spring.SqlSessionUtils]-[DEBUG] Creating a new SqlSession
2018-08-22 12:37:03,810 [http-bio-8080-exec-6] [org.mybatis.spring.SqlSessionUtils]-[DEBUG] Registering transaction synchronization for SqlSession [org.apache.ibatis.session.defaults.DefaultSqlSession@52e47a3e]
2018-08-22 12:37:03,821 [http-bio-8080-exec-3] [org.springframework.web.servlet.DispatcherServlet]-[DEBUG] Null ModelAndView returned to DispatcherServlet with name 'taotao-manager': assuming HandlerAdapter completed request handling
2018-08-22 12:37:03,821 [http-bio-8080-exec-3] [org.springframework.web.servlet.DispatcherServlet]-[DEBUG] Successfully completed request
2018-08-22 12:37:03,857 [http-bio-8080-exec-6] [org.springframework.jdbc.datasource.DataSourceUtils]-[DEBUG] Fetching JDBC Connection from DataSource
2018-08-22 12:37:03,927 [http-bio-8080-exec-6] [com.alibaba.druid.pool.DruidDataSource]-[INFO] {dataSource-1} inited
2018-08-22 12:37:04,479 [http-bio-8080-exec-6] [org.springframework.jdbc.datasource.DataSourceUtils]-[DEBUG] Registering transaction synchronization for JDBC Connection
2018-08-22 12:37:04,481 [http-bio-8080-exec-6] [org.mybatis.spring.transaction.SpringManagedTransaction]-[DEBUG] JDBC Connection [com.mysql.cj.jdbc.ConnectionImpl@5c9b4400] will be managed by Spring
2018-08-22 12:37:04,485 [http-bio-8080-exec-6] [com.taotao.mapper.TbItemCatMapper.selectByExample]-[DEBUG] ==>  Preparing: select id, parent_id, name, status, sort_order, is_parent, created, updated from tb_item_cat WHERE ( parent_id = ? ) 
2018-08-22 12:37:04,524 [http-bio-8080-exec-6] [com.taotao.mapper.TbItemCatMapper.selectByExample]-[DEBUG] ==> Parameters: 0(Long)
2018-08-22 12:37:04,595 [http-bio-8080-exec-6] [com.taotao.mapper.TbItemCatMapper.selectByExample]-[DEBUG] <==      Total: 19
2018-08-22 12:37:04,598 [http-bio-8080-exec-6] [org.mybatis.spring.SqlSessionUtils]-[DEBUG] Releasing transactional SqlSession [org.apache.ibatis.session.defaults.DefaultSqlSession@52e47a3e]
2018-08-22 12:37:04,599 [http-bio-8080-exec-6] [org.mybatis.spring.SqlSessionUtils]-[DEBUG] Transaction synchronization deregistering SqlSession [org.apache.ibatis.session.defaults.DefaultSqlSession@52e47a3e]
2018-08-22 12:37:04,599 [http-bio-8080-exec-6] [org.mybatis.spring.SqlSessionUtils]-[DEBUG] Transaction synchronization closing SqlSession [org.apache.ibatis.session.defaults.DefaultSqlSession@52e47a3e]
2018-08-22 12:37:04,599 [http-bio-8080-exec-6] [org.springframework.jdbc.datasource.DataSourceUtils]-[DEBUG] Returning JDBC Connection to DataSource
2018-08-22 12:37:04,620 [http-bio-8080-exec-6] [org.springframework.web.servlet.mvc.method.annotation.ResponseBodyAdviceChain]-[DEBUG] Invoking ResponseBodyAdvice chain for body=[com.taotao.common.pojo.EUTreeNode@6ce839d4, com.taotao.common.pojo.EUTreeNode@145b9715, com.taotao.common.pojo.EUTreeNode@76248051, com.taotao.common.pojo.EUTreeNode@7a8ff0b0, com.taotao.common.pojo.EUTreeNode@578440ac, com.taotao.common.pojo.EUTreeNode@1f2f9676, com.taotao.common.pojo.EUTreeNode@4d5bbbca, com.taotao.common.pojo.EUTreeNode@4854c8a1, com.taotao.common.pojo.EUTreeNode@3da06027, com.taotao.common.pojo.EUTreeNode@5e5fddc3, com.taotao.common.pojo.EUTreeNode@4e4ab829, com.taotao.common.pojo.EUTreeNode@20b57081, com.taotao.common.pojo.EUTreeNode@1e2a8de8, com.taotao.common.pojo.EUTreeNode@3e3bfa2b, com.taotao.common.pojo.EUTreeNode@252b9635, com.taotao.common.pojo.EUTreeNode@2e91db69, com.taotao.common.pojo.EUTreeNode@649e469e, com.taotao.common.pojo.EUTreeNode@5151284, com.taotao.common.pojo.EUTreeNode@7cf6a62d]
2018-08-22 12:37:04,621 [http-bio-8080-exec-6] [org.springframework.web.servlet.mvc.method.annotation.ResponseBodyAdviceChain]-[DEBUG] After ResponseBodyAdvice chain body=[com.taotao.common.pojo.EUTreeNode@6ce839d4, com.taotao.common.pojo.EUTreeNode@145b9715, com.taotao.common.pojo.EUTreeNode@76248051, com.taotao.common.pojo.EUTreeNode@7a8ff0b0, com.taotao.common.pojo.EUTreeNode@578440ac, com.taotao.common.pojo.EUTreeNode@1f2f9676, com.taotao.common.pojo.EUTreeNode@4d5bbbca, com.taotao.common.pojo.EUTreeNode@4854c8a1, com.taotao.common.pojo.EUTreeNode@3da06027, com.taotao.common.pojo.EUTreeNode@5e5fddc3, com.taotao.common.pojo.EUTreeNode@4e4ab829, com.taotao.common.pojo.EUTreeNode@20b57081, com.taotao.common.pojo.EUTreeNode@1e2a8de8, com.taotao.common.pojo.EUTreeNode@3e3bfa2b, com.taotao.common.pojo.EUTreeNode@252b9635, com.taotao.common.pojo.EUTreeNode@2e91db69, com.taotao.common.pojo.EUTreeNode@649e469e, com.taotao.common.pojo.EUTreeNode@5151284, com.taotao.common.pojo.EUTreeNode@7cf6a62d]
2018-08-22 12:37:04,644 [http-bio-8080-exec-6] [org.springframework.web.servlet.mvc.method.annotation.RequestResponseBodyMethodProcessor]-[DEBUG] Written [[com.taotao.common.pojo.EUTreeNode@6ce839d4, com.taotao.common.pojo.EUTreeNode@145b9715, com.taotao.common.pojo.EUTreeNode@76248051, com.taotao.common.pojo.EUTreeNode@7a8ff0b0, com.taotao.common.pojo.EUTreeNode@578440ac, com.taotao.common.pojo.EUTreeNode@1f2f9676, com.taotao.common.pojo.EUTreeNode@4d5bbbca, com.taotao.common.pojo.EUTreeNode@4854c8a1, com.taotao.common.pojo.EUTreeNode@3da06027, com.taotao.common.pojo.EUTreeNode@5e5fddc3, com.taotao.common.pojo.EUTreeNode@4e4ab829, com.taotao.common.pojo.EUTreeNode@20b57081, com.taotao.common.pojo.EUTreeNode@1e2a8de8, com.taotao.common.pojo.EUTreeNode@3e3bfa2b, com.taotao.common.pojo.EUTreeNode@252b9635, com.taotao.common.pojo.EUTreeNode@2e91db69, com.taotao.common.pojo.EUTreeNode@649e469e, com.taotao.common.pojo.EUTreeNode@5151284, com.taotao.common.pojo.EUTreeNode@7cf6a62d]] as "application/json;charset=UTF-8" using [org.springframework.http.converter.json.MappingJackson2HttpMessageConverter@22fc6eae]
2018-08-22 12:37:04,644 [http-bio-8080-exec-6] [org.springframework.web.servlet.DispatcherServlet]-[DEBUG] Null ModelAndView returned to DispatcherServlet with name 'taotao-manager': assuming HandlerAdapter completed request handling
2018-08-22 12:37:04,644 [http-bio-8080-exec-6] [org.springframework.web.servlet.DispatcherServlet]-[DEBUG] Successfully completed request
2018-08-22 12:37:06,746 [http-bio-8080-exec-7] [org.springframework.web.servlet.DispatcherServlet]-[DEBUG] DispatcherServlet with name 'taotao-manager' processing POST request for [/item/cat/list]
2018-08-22 12:37:06,747 [http-bio-8080-exec-7] [org.springframework.web.servlet.mvc.method.annotation.RequestMappingHandlerMapping]-[DEBUG] Looking up handler method for path /item/cat/list
2018-08-22 12:37:06,747 [http-bio-8080-exec-7] [org.springframework.web.servlet.mvc.method.annotation.RequestMappingHandlerMapping]-[DEBUG] Returning handler method [private java.util.List<com.taotao.common.pojo.EUTreeNode> com.taotao.controller.ItemCatController.getCatList(java.lang.Long)]
2018-08-22 12:37:06,747 [http-bio-8080-exec-7] [org.springframework.beans.factory.support.DefaultListableBeanFactory]-[DEBUG] Returning cached instance of singleton bean 'itemCatController'
2018-08-22 12:37:06,748 [http-bio-8080-exec-7] [org.mybatis.spring.SqlSessionUtils]-[DEBUG] Creating a new SqlSession
2018-08-22 12:37:06,748 [http-bio-8080-exec-7] [org.mybatis.spring.SqlSessionUtils]-[DEBUG] Registering transaction synchronization for SqlSession [org.apache.ibatis.session.defaults.DefaultSqlSession@185a814]
2018-08-22 12:37:06,751 [http-bio-8080-exec-7] [org.springframework.jdbc.datasource.DataSourceUtils]-[DEBUG] Fetching JDBC Connection from DataSource
2018-08-22 12:37:06,751 [http-bio-8080-exec-7] [org.springframework.jdbc.datasource.DataSourceUtils]-[DEBUG] Registering transaction synchronization for JDBC Connection
2018-08-22 12:37:06,751 [http-bio-8080-exec-7] [org.mybatis.spring.transaction.SpringManagedTransaction]-[DEBUG] JDBC Connection [com.mysql.cj.jdbc.ConnectionImpl@5c9b4400] will be managed by Spring
2018-08-22 12:37:06,751 [http-bio-8080-exec-7] [com.taotao.mapper.TbItemCatMapper.selectByExample]-[DEBUG] ==>  Preparing: select id, parent_id, name, status, sort_order, is_parent, created, updated from tb_item_cat WHERE ( parent_id = ? ) 
2018-08-22 12:37:06,752 [http-bio-8080-exec-7] [com.taotao.mapper.TbItemCatMapper.selectByExample]-[DEBUG] ==> Parameters: 558(Long)
2018-08-22 12:37:06,755 [http-bio-8080-exec-7] [com.taotao.mapper.TbItemCatMapper.selectByExample]-[DEBUG] <==      Total: 3
2018-08-22 12:37:06,755 [http-bio-8080-exec-7] [org.mybatis.spring.SqlSessionUtils]-[DEBUG] Releasing transactional SqlSession [org.apache.ibatis.session.defaults.DefaultSqlSession@185a814]
2018-08-22 12:37:06,755 [http-bio-8080-exec-7] [org.mybatis.spring.SqlSessionUtils]-[DEBUG] Transaction synchronization deregistering SqlSession [org.apache.ibatis.session.defaults.DefaultSqlSession@185a814]
2018-08-22 12:37:06,755 [http-bio-8080-exec-7] [org.mybatis.spring.SqlSessionUtils]-[DEBUG] Transaction synchronization closing SqlSession [org.apache.ibatis.session.defaults.DefaultSqlSession@185a814]
2018-08-22 12:37:06,755 [http-bio-8080-exec-7] [org.springframework.jdbc.datasource.DataSourceUtils]-[DEBUG] Returning JDBC Connection to DataSource
2018-08-22 12:37:06,756 [http-bio-8080-exec-7] [org.springframework.web.servlet.mvc.method.annotation.ResponseBodyAdviceChain]-[DEBUG] Invoking ResponseBodyAdvice chain for body=[com.taotao.common.pojo.EUTreeNode@7132a534, com.taotao.common.pojo.EUTreeNode@253b2a32, com.taotao.common.pojo.EUTreeNode@20975d60]
2018-08-22 12:37:06,756 [http-bio-8080-exec-7] [org.springframework.web.servlet.mvc.method.annotation.ResponseBodyAdviceChain]-[DEBUG] After ResponseBodyAdvice chain body=[com.taotao.common.pojo.EUTreeNode@7132a534, com.taotao.common.pojo.EUTreeNode@253b2a32, com.taotao.common.pojo.EUTreeNode@20975d60]
2018-08-22 12:37:06,757 [http-bio-8080-exec-7] [org.springframework.web.servlet.mvc.method.annotation.RequestResponseBodyMethodProcessor]-[DEBUG] Written [[com.taotao.common.pojo.EUTreeNode@7132a534, com.taotao.common.pojo.EUTreeNode@253b2a32, com.taotao.common.pojo.EUTreeNode@20975d60]] as "application/json;charset=UTF-8" using [org.springframework.http.converter.json.MappingJackson2HttpMessageConverter@22fc6eae]
2018-08-22 12:37:06,757 [http-bio-8080-exec-7] [org.springframework.web.servlet.DispatcherServlet]-[DEBUG] Null ModelAndView returned to DispatcherServlet with name 'taotao-manager': assuming HandlerAdapter completed request handling
2018-08-22 12:37:06,757 [http-bio-8080-exec-7] [org.springframework.web.servlet.DispatcherServlet]-[DEBUG] Successfully completed request
2018-08-22 12:37:07,448 [http-bio-8080-exec-7] [org.springframework.web.servlet.DispatcherServlet]-[DEBUG] DispatcherServlet with name 'taotao-manager' processing POST request for [/item/cat/list]
2018-08-22 12:37:07,448 [http-bio-8080-exec-7] [org.springframework.web.servlet.mvc.method.annotation.RequestMappingHandlerMapping]-[DEBUG] Looking up handler method for path /item/cat/list
2018-08-22 12:37:07,448 [http-bio-8080-exec-7] [org.springframework.web.servlet.mvc.method.annotation.RequestMappingHandlerMapping]-[DEBUG] Returning handler method [private java.util.List<com.taotao.common.pojo.EUTreeNode> com.taotao.controller.ItemCatController.getCatList(java.lang.Long)]
2018-08-22 12:37:07,448 [http-bio-8080-exec-7] [org.springframework.beans.factory.support.DefaultListableBeanFactory]-[DEBUG] Returning cached instance of singleton bean 'itemCatController'
2018-08-22 12:37:07,449 [http-bio-8080-exec-7] [org.mybatis.spring.SqlSessionUtils]-[DEBUG] Creating a new SqlSession
2018-08-22 12:37:07,449 [http-bio-8080-exec-7] [org.mybatis.spring.SqlSessionUtils]-[DEBUG] Registering transaction synchronization for SqlSession [org.apache.ibatis.session.defaults.DefaultSqlSession@2656f59a]
2018-08-22 12:37:07,450 [http-bio-8080-exec-7] [org.springframework.jdbc.datasource.DataSourceUtils]-[DEBUG] Fetching JDBC Connection from DataSource
2018-08-22 12:37:07,450 [http-bio-8080-exec-7] [org.springframework.jdbc.datasource.DataSourceUtils]-[DEBUG] Registering transaction synchronization for JDBC Connection
2018-08-22 12:37:07,450 [http-bio-8080-exec-7] [org.mybatis.spring.transaction.SpringManagedTransaction]-[DEBUG] JDBC Connection [com.mysql.cj.jdbc.ConnectionImpl@5c9b4400] will be managed by Spring
2018-08-22 12:37:07,450 [http-bio-8080-exec-7] [com.taotao.mapper.TbItemCatMapper.selectByExample]-[DEBUG] ==>  Preparing: select id, parent_id, name, status, sort_order, is_parent, created, updated from tb_item_cat WHERE ( parent_id = ? ) 
2018-08-22 12:37:07,450 [http-bio-8080-exec-7] [com.taotao.mapper.TbItemCatMapper.selectByExample]-[DEBUG] ==> Parameters: 559(Long)
2018-08-22 12:37:07,453 [http-bio-8080-exec-7] [com.taotao.mapper.TbItemCatMapper.selectByExample]-[DEBUG] <==      Total: 2
2018-08-22 12:37:07,453 [http-bio-8080-exec-7] [org.mybatis.spring.SqlSessionUtils]-[DEBUG] Releasing transactional SqlSession [org.apache.ibatis.session.defaults.DefaultSqlSession@2656f59a]
2018-08-22 12:37:07,454 [http-bio-8080-exec-7] [org.mybatis.spring.SqlSessionUtils]-[DEBUG] Transaction synchronization deregistering SqlSession [org.apache.ibatis.session.defaults.DefaultSqlSession@2656f59a]
2018-08-22 12:37:07,454 [http-bio-8080-exec-7] [org.mybatis.spring.SqlSessionUtils]-[DEBUG] Transaction synchronization closing SqlSession [org.apache.ibatis.session.defaults.DefaultSqlSession@2656f59a]
2018-08-22 12:37:07,454 [http-bio-8080-exec-7] [org.springframework.jdbc.datasource.DataSourceUtils]-[DEBUG] Returning JDBC Connection to DataSource
2018-08-22 12:37:07,455 [http-bio-8080-exec-7] [org.springframework.web.servlet.mvc.method.annotation.ResponseBodyAdviceChain]-[DEBUG] Invoking ResponseBodyAdvice chain for body=[com.taotao.common.pojo.EUTreeNode@35b2ca62, com.taotao.common.pojo.EUTreeNode@38edf952]
2018-08-22 12:37:07,455 [http-bio-8080-exec-7] [org.springframework.web.servlet.mvc.method.annotation.ResponseBodyAdviceChain]-[DEBUG] After ResponseBodyAdvice chain body=[com.taotao.common.pojo.EUTreeNode@35b2ca62, com.taotao.common.pojo.EUTreeNode@38edf952]
2018-08-22 12:37:07,455 [http-bio-8080-exec-7] [org.springframework.web.servlet.mvc.method.annotation.RequestResponseBodyMethodProcessor]-[DEBUG] Written [[com.taotao.common.pojo.EUTreeNode@35b2ca62, com.taotao.common.pojo.EUTreeNode@38edf952]] as "application/json;charset=UTF-8" using [org.springframework.http.converter.json.MappingJackson2HttpMessageConverter@22fc6eae]
2018-08-22 12:37:07,455 [http-bio-8080-exec-7] [org.springframework.web.servlet.DispatcherServlet]-[DEBUG] Null ModelAndView returned to DispatcherServlet with name 'taotao-manager': assuming HandlerAdapter completed request handling
2018-08-22 12:37:07,456 [http-bio-8080-exec-7] [org.springframework.web.servlet.DispatcherServlet]-[DEBUG] Successfully completed request
2018-08-22 12:37:08,380 [http-bio-8080-exec-7] [org.springframework.web.servlet.DispatcherServlet]-[DEBUG] DispatcherServlet with name 'taotao-manager' processing GET request for [/item/param/query/itemcatid/560]
2018-08-22 12:37:08,380 [http-bio-8080-exec-7] [org.springframework.web.servlet.mvc.method.annotation.RequestMappingHandlerMapping]-[DEBUG] Looking up handler method for path /item/param/query/itemcatid/560
2018-08-22 12:37:08,381 [http-bio-8080-exec-7] [org.springframework.web.servlet.mvc.method.annotation.RequestMappingHandlerMapping]-[DEBUG] Returning handler method [public com.taotao.common.pojo.TaotaoResult com.taotao.controller.ItemParamController.getItemParamByCid(long)]
2018-08-22 12:37:08,381 [http-bio-8080-exec-7] [org.springframework.beans.factory.support.DefaultListableBeanFactory]-[DEBUG] Returning cached instance of singleton bean 'itemParamController'
2018-08-22 12:37:08,381 [http-bio-8080-exec-7] [org.springframework.web.servlet.DispatcherServlet]-[DEBUG] Last-Modified value for [/item/param/query/itemcatid/560] is: -1
2018-08-22 12:37:08,385 [http-bio-8080-exec-7] [org.mybatis.spring.SqlSessionUtils]-[DEBUG] Creating a new SqlSession
2018-08-22 12:37:08,385 [http-bio-8080-exec-7] [org.mybatis.spring.SqlSessionUtils]-[DEBUG] Registering transaction synchronization for SqlSession [org.apache.ibatis.session.defaults.DefaultSqlSession@7f282b34]
2018-08-22 12:37:08,390 [http-bio-8080-exec-7] [org.springframework.jdbc.datasource.DataSourceUtils]-[DEBUG] Fetching JDBC Connection from DataSource
2018-08-22 12:37:08,390 [http-bio-8080-exec-7] [org.springframework.jdbc.datasource.DataSourceUtils]-[DEBUG] Registering transaction synchronization for JDBC Connection
2018-08-22 12:37:08,390 [http-bio-8080-exec-7] [org.mybatis.spring.transaction.SpringManagedTransaction]-[DEBUG] JDBC Connection [com.mysql.cj.jdbc.ConnectionImpl@5c9b4400] will be managed by Spring
2018-08-22 12:37:08,390 [http-bio-8080-exec-7] [com.taotao.mapper.TbItemParamMapper.selectByExampleWithBLOBs]-[DEBUG] ==>  Preparing: select id, item_cat_id, created, updated , param_data from tb_item_param WHERE ( item_cat_id = ? ) 
2018-08-22 12:37:08,390 [http-bio-8080-exec-7] [com.taotao.mapper.TbItemParamMapper.selectByExampleWithBLOBs]-[DEBUG] ==> Parameters: 560(Long)
2018-08-22 12:37:08,429 [http-bio-8080-exec-7] [com.taotao.mapper.TbItemParamMapper.selectByExampleWithBLOBs]-[DEBUG] <==      Total: 1
2018-08-22 12:37:08,430 [http-bio-8080-exec-7] [org.mybatis.spring.SqlSessionUtils]-[DEBUG] Releasing transactional SqlSession [org.apache.ibatis.session.defaults.DefaultSqlSession@7f282b34]
2018-08-22 12:37:08,430 [http-bio-8080-exec-7] [org.mybatis.spring.SqlSessionUtils]-[DEBUG] Transaction synchronization deregistering SqlSession [org.apache.ibatis.session.defaults.DefaultSqlSession@7f282b34]
2018-08-22 12:37:08,430 [http-bio-8080-exec-7] [org.mybatis.spring.SqlSessionUtils]-[DEBUG] Transaction synchronization closing SqlSession [org.apache.ibatis.session.defaults.DefaultSqlSession@7f282b34]
2018-08-22 12:37:08,430 [http-bio-8080-exec-7] [org.springframework.jdbc.datasource.DataSourceUtils]-[DEBUG] Returning JDBC Connection to DataSource
2018-08-22 12:37:08,432 [http-bio-8080-exec-7] [org.springframework.web.servlet.mvc.method.annotation.ResponseBodyAdviceChain]-[DEBUG] Invoking ResponseBodyAdvice chain for body=com.taotao.common.pojo.TaotaoResult@59c8afb7
2018-08-22 12:37:08,432 [http-bio-8080-exec-7] [org.springframework.web.servlet.mvc.method.annotation.ResponseBodyAdviceChain]-[DEBUG] After ResponseBodyAdvice chain body=com.taotao.common.pojo.TaotaoResult@59c8afb7
2018-08-22 12:37:08,436 [http-bio-8080-exec-7] [org.springframework.web.servlet.mvc.method.annotation.RequestResponseBodyMethodProcessor]-[DEBUG] Written [com.taotao.common.pojo.TaotaoResult@59c8afb7] as "application/json;charset=UTF-8" using [org.springframework.http.converter.json.MappingJackson2HttpMessageConverter@22fc6eae]
2018-08-22 12:37:08,436 [http-bio-8080-exec-7] [org.springframework.web.servlet.DispatcherServlet]-[DEBUG] Null ModelAndView returned to DispatcherServlet with name 'taotao-manager': assuming HandlerAdapter completed request handling
2018-08-22 12:37:08,436 [http-bio-8080-exec-7] [org.springframework.web.servlet.DispatcherServlet]-[DEBUG] Successfully completed request
2018-08-22 12:39:45,727 [http-bio-8080-exec-6] [org.springframework.web.servlet.DispatcherServlet]-[DEBUG] DispatcherServlet with name 'taotao-manager' processing GET request for [/js/kindeditor-4.1.10/themes/default/background.png]
2018-08-22 12:39:45,728 [http-bio-8080-exec-6] [org.springframework.web.servlet.mvc.method.annotation.RequestMappingHandlerMapping]-[DEBUG] Looking up handler method for path /js/kindeditor-4.1.10/themes/default/background.png
2018-08-22 12:39:45,728 [http-bio-8080-exec-6] [org.springframework.web.servlet.mvc.method.annotation.RequestMappingHandlerMapping]-[DEBUG] Did not find handler method for [/js/kindeditor-4.1.10/themes/default/background.png]
2018-08-22 12:39:45,728 [http-bio-8080-exec-6] [org.springframework.web.servlet.handler.SimpleUrlHandlerMapping]-[DEBUG] Matching patterns for request [/js/kindeditor-4.1.10/themes/default/background.png] are [/js/**]
2018-08-22 12:39:45,729 [http-bio-8080-exec-6] [org.springframework.web.servlet.handler.SimpleUrlHandlerMapping]-[DEBUG] URI Template variables for request [/js/kindeditor-4.1.10/themes/default/background.png] are {}
2018-08-22 12:39:45,729 [http-bio-8080-exec-6] [org.springframework.web.servlet.handler.SimpleUrlHandlerMapping]-[DEBUG] Mapping [/js/kindeditor-4.1.10/themes/default/background.png] to HandlerExecutionChain with handler [ResourceHttpRequestHandler [locations=[ServletContext resource [/WEB-INF/js/]], resolvers=[org.springframework.web.servlet.resource.PathResourceResolver@69c6bc38]]] and 1 interceptor
2018-08-22 12:39:45,729 [http-bio-8080-exec-6] [org.springframework.web.servlet.DispatcherServlet]-[DEBUG] Last-Modified value for [/js/kindeditor-4.1.10/themes/default/background.png] is: -1
2018-08-22 12:39:45,750 [http-bio-8080-exec-6] [org.springframework.web.servlet.DispatcherServlet]-[DEBUG] Null ModelAndView returned to DispatcherServlet with name 'taotao-manager': assuming HandlerAdapter completed request handling
2018-08-22 12:39:45,750 [http-bio-8080-exec-6] [org.springframework.web.servlet.DispatcherServlet]-[DEBUG] Successfully completed request
2018-08-22 12:39:45,899 [http-bio-8080-exec-6] [org.springframework.web.servlet.DispatcherServlet]-[DEBUG] DispatcherServlet with name 'taotao-manager' processing GET request for [/js/kindeditor-4.1.10/plugins/multiimage/images/swfupload.swf]
2018-08-22 12:39:45,899 [http-bio-8080-exec-6] [org.springframework.web.servlet.mvc.method.annotation.RequestMappingHandlerMapping]-[DEBUG] Looking up handler method for path /js/kindeditor-4.1.10/plugins/multiimage/images/swfupload.swf
2018-08-22 12:39:45,900 [http-bio-8080-exec-6] [org.springframework.web.servlet.mvc.method.annotation.RequestMappingHandlerMapping]-[DEBUG] Did not find handler method for [/js/kindeditor-4.1.10/plugins/multiimage/images/swfupload.swf]
2018-08-22 12:39:45,900 [http-bio-8080-exec-6] [org.springframework.web.servlet.handler.SimpleUrlHandlerMapping]-[DEBUG] Matching patterns for request [/js/kindeditor-4.1.10/plugins/multiimage/images/swfupload.swf] are [/js/**]
2018-08-22 12:39:45,900 [http-bio-8080-exec-6] [org.springframework.web.servlet.handler.SimpleUrlHandlerMapping]-[DEBUG] URI Template variables for request [/js/kindeditor-4.1.10/plugins/multiimage/images/swfupload.swf] are {}
2018-08-22 12:39:45,900 [http-bio-8080-exec-6] [org.springframework.web.servlet.handler.SimpleUrlHandlerMapping]-[DEBUG] Mapping [/js/kindeditor-4.1.10/plugins/multiimage/images/swfupload.swf] to HandlerExecutionChain with handler [ResourceHttpRequestHandler [locations=[ServletContext resource [/WEB-INF/js/]], resolvers=[org.springframework.web.servlet.resource.PathResourceResolver@69c6bc38]]] and 1 interceptor
2018-08-22 12:39:45,901 [http-bio-8080-exec-6] [org.springframework.web.servlet.DispatcherServlet]-[DEBUG] Last-Modified value for [/js/kindeditor-4.1.10/plugins/multiimage/images/swfupload.swf] is: -1
2018-08-22 12:39:45,912 [http-bio-8080-exec-6] [org.springframework.web.servlet.DispatcherServlet]-[DEBUG] Null ModelAndView returned to DispatcherServlet with name 'taotao-manager': assuming HandlerAdapter completed request handling
2018-08-22 12:39:45,912 [http-bio-8080-exec-6] [org.springframework.web.servlet.DispatcherServlet]-[DEBUG] Successfully completed request
2018-08-22 12:39:46,016 [http-bio-8080-exec-6] [org.springframework.web.servlet.DispatcherServlet]-[DEBUG] DispatcherServlet with name 'taotao-manager' processing GET request for [/js/kindeditor-4.1.10/plugins/multiimage/images/select-files-zh_CN.png]
2018-08-22 12:39:46,016 [http-bio-8080-exec-6] [org.springframework.web.servlet.mvc.method.annotation.RequestMappingHandlerMapping]-[DEBUG] Looking up handler method for path /js/kindeditor-4.1.10/plugins/multiimage/images/select-files-zh_CN.png
2018-08-22 12:39:46,017 [http-bio-8080-exec-6] [org.springframework.web.servlet.mvc.method.annotation.RequestMappingHandlerMapping]-[DEBUG] Did not find handler method for [/js/kindeditor-4.1.10/plugins/multiimage/images/select-files-zh_CN.png]
2018-08-22 12:39:46,017 [http-bio-8080-exec-6] [org.springframework.web.servlet.handler.SimpleUrlHandlerMapping]-[DEBUG] Matching patterns for request [/js/kindeditor-4.1.10/plugins/multiimage/images/select-files-zh_CN.png] are [/js/**]
2018-08-22 12:39:46,017 [http-bio-8080-exec-6] [org.springframework.web.servlet.handler.SimpleUrlHandlerMapping]-[DEBUG] URI Template variables for request [/js/kindeditor-4.1.10/plugins/multiimage/images/select-files-zh_CN.png] are {}
2018-08-22 12:39:46,017 [http-bio-8080-exec-6] [org.springframework.web.servlet.handler.SimpleUrlHandlerMapping]-[DEBUG] Mapping [/js/kindeditor-4.1.10/plugins/multiimage/images/select-files-zh_CN.png] to HandlerExecutionChain with handler [ResourceHttpRequestHandler [locations=[ServletContext resource [/WEB-INF/js/]], resolvers=[org.springframework.web.servlet.resource.PathResourceResolver@69c6bc38]]] and 1 interceptor
2018-08-22 12:39:46,017 [http-bio-8080-exec-6] [org.springframework.web.servlet.DispatcherServlet]-[DEBUG] Last-Modified value for [/js/kindeditor-4.1.10/plugins/multiimage/images/select-files-zh_CN.png] is: -1
2018-08-22 12:39:46,018 [http-bio-8080-exec-6] [org.springframework.web.servlet.DispatcherServlet]-[DEBUG] Null ModelAndView returned to DispatcherServlet with name 'taotao-manager': assuming HandlerAdapter completed request handling
2018-08-22 12:39:46,018 [http-bio-8080-exec-6] [org.springframework.web.servlet.DispatcherServlet]-[DEBUG] Successfully completed request
2018-08-22 12:39:52,209 [http-bio-8080-exec-6] [org.springframework.web.servlet.DispatcherServlet]-[DEBUG] DispatcherServlet with name 'taotao-manager' processing GET request for [/js/kindeditor-4.1.10/plugins/multiimage/images/image.png]
2018-08-22 12:39:52,209 [http-bio-8080-exec-6] [org.springframework.web.servlet.mvc.method.annotation.RequestMappingHandlerMapping]-[DEBUG] Looking up handler method for path /js/kindeditor-4.1.10/plugins/multiimage/images/image.png
2018-08-22 12:39:52,209 [http-bio-8080-exec-6] [org.springframework.web.servlet.mvc.method.annotation.RequestMappingHandlerMapping]-[DEBUG] Did not find handler method for [/js/kindeditor-4.1.10/plugins/multiimage/images/image.png]
2018-08-22 12:39:52,209 [http-bio-8080-exec-6] [org.springframework.web.servlet.handler.SimpleUrlHandlerMapping]-[DEBUG] Matching patterns for request [/js/kindeditor-4.1.10/plugins/multiimage/images/image.png] are [/js/**]
2018-08-22 12:39:52,209 [http-bio-8080-exec-6] [org.springframework.web.servlet.handler.SimpleUrlHandlerMapping]-[DEBUG] URI Template variables for request [/js/kindeditor-4.1.10/plugins/multiimage/images/image.png] are {}
2018-08-22 12:39:52,209 [http-bio-8080-exec-6] [org.springframework.web.servlet.handler.SimpleUrlHandlerMapping]-[DEBUG] Mapping [/js/kindeditor-4.1.10/plugins/multiimage/images/image.png] to HandlerExecutionChain with handler [ResourceHttpRequestHandler [locations=[ServletContext resource [/WEB-INF/js/]], resolvers=[org.springframework.web.servlet.resource.PathResourceResolver@69c6bc38]]] and 1 interceptor
2018-08-22 12:39:52,210 [http-bio-8080-exec-6] [org.springframework.web.servlet.DispatcherServlet]-[DEBUG] Last-Modified value for [/js/kindeditor-4.1.10/plugins/multiimage/images/image.png] is: -1
2018-08-22 12:39:52,253 [http-bio-8080-exec-6] [org.springframework.web.servlet.DispatcherServlet]-[DEBUG] Null ModelAndView returned to DispatcherServlet with name 'taotao-manager': assuming HandlerAdapter completed request handling
2018-08-22 12:39:52,253 [http-bio-8080-exec-6] [org.springframework.web.servlet.DispatcherServlet]-[DEBUG] Successfully completed request
2018-08-22 12:39:52,888 [http-bio-8080-exec-9] [org.springframework.web.servlet.DispatcherServlet]-[DEBUG] DispatcherServlet with name 'taotao-manager' processing POST request for [/pic/upload]
2018-08-22 12:39:52,948 [http-bio-8080-exec-9] [org.springframework.web.multipart.commons.CommonsMultipartResolver]-[DEBUG] Found multipart file [uploadFile] of size 34675 bytes with original filename [59df2e7fN86c99a27.jpg], stored at [D:\JAVAPRO\E-Market\taotao-manager\taotao-manager-web\target\tomcat\work\Tomcat\localhost\_\upload_7fcb743c_72de_46ab_9751_4a59d50e811d_00000001.tmp]
2018-08-22 12:39:52,949 [http-bio-8080-exec-9] [org.springframework.web.servlet.mvc.method.annotation.RequestMappingHandlerMapping]-[DEBUG] Looking up handler method for path /pic/upload
2018-08-22 12:39:52,950 [http-bio-8080-exec-9] [org.springframework.web.servlet.mvc.method.annotation.RequestMappingHandlerMapping]-[DEBUG] Returning handler method [public java.lang.String com.taotao.controller.PictureController.pictureUpload(org.springframework.web.multipart.MultipartFile)]
2018-08-22 12:39:52,950 [http-bio-8080-exec-9] [org.springframework.beans.factory.support.DefaultListableBeanFactory]-[DEBUG] Returning cached instance of singleton bean 'pictureController'
2018-08-22 12:39:53,259 [http-bio-8080-exec-9] [org.springframework.web.servlet.mvc.method.annotation.ResponseBodyAdviceChain]-[DEBUG] Invoking ResponseBodyAdvice chain for body={"error":0,"url":"http://192.168.18.135/images/2018/08/22/1534912792952836.jpg"}
2018-08-22 12:39:53,259 [http-bio-8080-exec-9] [org.springframework.web.servlet.mvc.method.annotation.ResponseBodyAdviceChain]-[DEBUG] After ResponseBodyAdvice chain body={"error":0,"url":"http://192.168.18.135/images/2018/08/22/1534912792952836.jpg"}
2018-08-22 12:39:53,260 [http-bio-8080-exec-9] [org.springframework.web.servlet.mvc.method.annotation.RequestResponseBodyMethodProcessor]-[DEBUG] Written [{"error":0,"url":"http://192.168.18.135/images/2018/08/22/1534912792952836.jpg"}] as "text/plain;charset=ISO-8859-1" using [org.springframework.http.converter.StringHttpMessageConverter@dabf029]
2018-08-22 12:39:53,260 [http-bio-8080-exec-9] [org.springframework.web.servlet.DispatcherServlet]-[DEBUG] Null ModelAndView returned to DispatcherServlet with name 'taotao-manager': assuming HandlerAdapter completed request handling
2018-08-22 12:39:53,261 [http-bio-8080-exec-9] [org.springframework.web.multipart.commons.CommonsMultipartResolver]-[DEBUG] Cleaning up multipart file [uploadFile] with original filename [59df2e7fN86c99a27.jpg], stored at [D:\JAVAPRO\E-Market\taotao-manager\taotao-manager-web\target\tomcat\work\Tomcat\localhost\_\upload_7fcb743c_72de_46ab_9751_4a59d50e811d_00000001.tmp]
2018-08-22 12:39:53,261 [http-bio-8080-exec-9] [org.springframework.web.servlet.DispatcherServlet]-[DEBUG] Successfully completed request
2018-08-22 12:39:53,280 [http-bio-8080-exec-9] [org.springframework.web.servlet.DispatcherServlet]-[DEBUG] DispatcherServlet with name 'taotao-manager' processing POST request for [/pic/upload]
2018-08-22 12:39:53,282 [http-bio-8080-exec-9] [org.springframework.web.multipart.commons.CommonsMultipartResolver]-[DEBUG] Found multipart file [uploadFile] of size 68755 bytes with original filename [59df2e82N1f855465.jpg], stored at [D:\JAVAPRO\E-Market\taotao-manager\taotao-manager-web\target\tomcat\work\Tomcat\localhost\_\upload_7fcb743c_72de_46ab_9751_4a59d50e811d_00000004.tmp]
2018-08-22 12:39:53,282 [http-bio-8080-exec-9] [org.springframework.web.servlet.mvc.method.annotation.RequestMappingHandlerMapping]-[DEBUG] Looking up handler method for path /pic/upload
2018-08-22 12:39:53,283 [http-bio-8080-exec-9] [org.springframework.web.servlet.mvc.method.annotation.RequestMappingHandlerMapping]-[DEBUG] Returning handler method [public java.lang.String com.taotao.controller.PictureController.pictureUpload(org.springframework.web.multipart.MultipartFile)]
2018-08-22 12:39:53,283 [http-bio-8080-exec-9] [org.springframework.beans.factory.support.DefaultListableBeanFactory]-[DEBUG] Returning cached instance of singleton bean 'pictureController'
2018-08-22 12:39:53,401 [http-bio-8080-exec-9] [org.springframework.web.servlet.mvc.method.annotation.ResponseBodyAdviceChain]-[DEBUG] Invoking ResponseBodyAdvice chain for body={"error":0,"url":"http://192.168.18.135/images/2018/08/22/1534912793283404.jpg"}
2018-08-22 12:39:53,401 [http-bio-8080-exec-9] [org.springframework.web.servlet.mvc.method.annotation.ResponseBodyAdviceChain]-[DEBUG] After ResponseBodyAdvice chain body={"error":0,"url":"http://192.168.18.135/images/2018/08/22/1534912793283404.jpg"}
2018-08-22 12:39:53,402 [http-bio-8080-exec-9] [org.springframework.web.servlet.mvc.method.annotation.RequestResponseBodyMethodProcessor]-[DEBUG] Written [{"error":0,"url":"http://192.168.18.135/images/2018/08/22/1534912793283404.jpg"}] as "text/plain;charset=ISO-8859-1" using [org.springframework.http.converter.StringHttpMessageConverter@dabf029]
2018-08-22 12:39:53,402 [http-bio-8080-exec-9] [org.springframework.web.servlet.DispatcherServlet]-[DEBUG] Null ModelAndView returned to DispatcherServlet with name 'taotao-manager': assuming HandlerAdapter completed request handling
2018-08-22 12:39:53,402 [http-bio-8080-exec-9] [org.springframework.web.multipart.commons.CommonsMultipartResolver]-[DEBUG] Cleaning up multipart file [uploadFile] with original filename [59df2e82N1f855465.jpg], stored at [D:\JAVAPRO\E-Market\taotao-manager\taotao-manager-web\target\tomcat\work\Tomcat\localhost\_\upload_7fcb743c_72de_46ab_9751_4a59d50e811d_00000004.tmp]
2018-08-22 12:39:53,403 [http-bio-8080-exec-9] [org.springframework.web.servlet.DispatcherServlet]-[DEBUG] Successfully completed request
2018-08-22 12:41:38,314 [http-bio-8080-exec-4] [org.springframework.web.servlet.DispatcherServlet]-[DEBUG] DispatcherServlet with name 'taotao-manager' processing POST request for [/item/save]
2018-08-22 12:41:38,314 [http-bio-8080-exec-4] [org.springframework.web.servlet.mvc.method.annotation.RequestMappingHandlerMapping]-[DEBUG] Looking up handler method for path /item/save
2018-08-22 12:41:38,315 [http-bio-8080-exec-4] [org.springframework.web.servlet.mvc.method.annotation.RequestMappingHandlerMapping]-[DEBUG] Returning handler method [private com.taotao.common.pojo.TaotaoResult com.taotao.controller.ItemController.createItem(com.taotao.pojo.TbItem,java.lang.String,java.lang.String) throws java.lang.Exception]
2018-08-22 12:41:38,315 [http-bio-8080-exec-4] [org.springframework.beans.factory.support.DefaultListableBeanFactory]-[DEBUG] Returning cached instance of singleton bean 'itemController'
2018-08-22 12:41:38,326 [http-bio-8080-exec-4] [org.springframework.jdbc.datasource.DataSourceTransactionManager]-[DEBUG] Creating new transaction with name [com.taotao.service.impl.ItemServiceImpl.createItem]: PROPAGATION_REQUIRED,ISOLATION_DEFAULT
2018-08-22 12:41:38,333 [http-bio-8080-exec-4] [org.springframework.jdbc.datasource.DataSourceTransactionManager]-[DEBUG] Acquired Connection [com.mysql.cj.jdbc.ConnectionImpl@5c9b4400] for JDBC transaction
2018-08-22 12:41:38,333 [http-bio-8080-exec-4] [org.springframework.jdbc.datasource.DataSourceTransactionManager]-[DEBUG] Switching JDBC Connection [com.mysql.cj.jdbc.ConnectionImpl@5c9b4400] to manual commit
2018-08-22 12:41:38,334 [http-bio-8080-exec-4] [org.mybatis.spring.SqlSessionUtils]-[DEBUG] Creating a new SqlSession
2018-08-22 12:41:38,334 [http-bio-8080-exec-4] [org.mybatis.spring.SqlSessionUtils]-[DEBUG] Registering transaction synchronization for SqlSession [org.apache.ibatis.session.defaults.DefaultSqlSession@7c8e3679]
2018-08-22 12:41:38,334 [http-bio-8080-exec-4] [org.mybatis.spring.transaction.SpringManagedTransaction]-[DEBUG] JDBC Connection [com.mysql.cj.jdbc.ConnectionImpl@5c9b4400] will be managed by Spring
2018-08-22 12:41:38,334 [http-bio-8080-exec-4] [com.taotao.mapper.TbItemMapper.insert]-[DEBUG] ==>  Preparing: insert into tb_item (id, title, sell_point, price, num, barcode, image, cid, status, created, updated) values (?, ?, ?, ?, ?, ?, ?, ?, ?, ?, ?) 
2018-08-22 12:41:38,374 [http-bio-8080-exec-4] [com.taotao.mapper.TbItemMapper.insert]-[DEBUG] ==> Parameters: 153491289833477(Long), Apple iPhone X (A1865) 64GB  4G(String), Apple iPhone X (A1865) 64GB  4G(String), 719900(Long), 34123(Integer), 41235235(String), http://192.168.18.135/images/2018/08/22/1534912792952836.jpg,http://192.168.18.135/images/2018/08/22/1534912793283404.jpg(String), 560(Long), 1(Byte), 2018-08-22 12:41:38.334(Timestamp), 2018-08-22 12:41:38.334(Timestamp)
2018-08-22 12:41:38,459 [http-bio-8080-exec-4] [com.taotao.mapper.TbItemMapper.insert]-[DEBUG] <==    Updates: 1
2018-08-22 12:41:38,459 [http-bio-8080-exec-4] [org.mybatis.spring.SqlSessionUtils]-[DEBUG] Releasing transactional SqlSession [org.apache.ibatis.session.defaults.DefaultSqlSession@7c8e3679]
2018-08-22 12:41:38,460 [http-bio-8080-exec-4] [org.mybatis.spring.SqlSessionUtils]-[DEBUG] Fetched SqlSession [org.apache.ibatis.session.defaults.DefaultSqlSession@7c8e3679] from current transaction
2018-08-22 12:41:38,460 [http-bio-8080-exec-4] [com.taotao.mapper.TbItemDescMapper.insert]-[DEBUG] ==>  Preparing: insert into tb_item_desc (item_id, created, updated, item_desc) values (?, ?, ?, ?) 
2018-08-22 12:41:38,461 [http-bio-8080-exec-4] [com.taotao.mapper.TbItemDescMapper.insert]-[DEBUG] ==> Parameters: 153491289833477(Long), 2018-08-22 12:41:38.459(Timestamp), 2018-08-22 12:41:38.46(Timestamp), java.io.StringReader@267831d(StringReader)
2018-08-22 12:41:38,503 [http-bio-8080-exec-4] [com.taotao.mapper.TbItemDescMapper.insert]-[DEBUG] <==    Updates: 1
2018-08-22 12:41:38,504 [http-bio-8080-exec-4] [org.mybatis.spring.SqlSessionUtils]-[DEBUG] Releasing transactional SqlSession [org.apache.ibatis.session.defaults.DefaultSqlSession@7c8e3679]
2018-08-22 12:41:38,504 [http-bio-8080-exec-4] [org.mybatis.spring.SqlSessionUtils]-[DEBUG] Fetched SqlSession [org.apache.ibatis.session.defaults.DefaultSqlSession@7c8e3679] from current transaction
2018-08-22 12:41:38,504 [http-bio-8080-exec-4] [com.taotao.mapper.TbItemParamItemMapper.insert]-[DEBUG] ==>  Preparing: insert into tb_item_param_item (id, item_id, created, updated, param_data) values (?, ?, ?, ?, ?) 
2018-08-22 12:41:38,505 [http-bio-8080-exec-4] [com.taotao.mapper.TbItemParamItemMapper.insert]-[DEBUG] ==> Parameters: null, 153491289833477(Long), 2018-08-22 12:41:38.504(Timestamp), 2018-08-22 12:41:38.504(Timestamp), java.io.StringReader@151c670b(StringReader)
2018-08-22 12:41:38,570 [http-bio-8080-exec-4] [com.taotao.mapper.TbItemParamItemMapper.insert]-[DEBUG] <==    Updates: 1
2018-08-22 12:41:38,571 [http-bio-8080-exec-4] [org.mybatis.spring.SqlSessionUtils]-[DEBUG] Releasing transactional SqlSession [org.apache.ibatis.session.defaults.DefaultSqlSession@7c8e3679]
2018-08-22 12:41:38,571 [http-bio-8080-exec-4] [org.mybatis.spring.SqlSessionUtils]-[DEBUG] Transaction synchronization committing SqlSession [org.apache.ibatis.session.defaults.DefaultSqlSession@7c8e3679]
2018-08-22 12:41:38,571 [http-bio-8080-exec-4] [org.mybatis.spring.SqlSessionUtils]-[DEBUG] Transaction synchronization deregistering SqlSession [org.apache.ibatis.session.defaults.DefaultSqlSession@7c8e3679]
2018-08-22 12:41:38,571 [http-bio-8080-exec-4] [org.mybatis.spring.SqlSessionUtils]-[DEBUG] Transaction synchronization closing SqlSession [org.apache.ibatis.session.defaults.DefaultSqlSession@7c8e3679]
2018-08-22 12:41:38,571 [http-bio-8080-exec-4] [org.springframework.jdbc.datasource.DataSourceTransactionManager]-[DEBUG] Initiating transaction commit
2018-08-22 12:41:38,571 [http-bio-8080-exec-4] [org.springframework.jdbc.datasource.DataSourceTransactionManager]-[DEBUG] Committing JDBC transaction on Connection [com.mysql.cj.jdbc.ConnectionImpl@5c9b4400]
2018-08-22 12:41:38,648 [http-bio-8080-exec-4] [org.springframework.jdbc.datasource.DataSourceTransactionManager]-[DEBUG] Releasing JDBC Connection [com.mysql.cj.jdbc.ConnectionImpl@5c9b4400] after transaction
2018-08-22 12:41:38,648 [http-bio-8080-exec-4] [org.springframework.jdbc.datasource.DataSourceUtils]-[DEBUG] Returning JDBC Connection to DataSource
2018-08-22 12:41:38,648 [http-bio-8080-exec-4] [org.springframework.web.servlet.mvc.method.annotation.ResponseBodyAdviceChain]-[DEBUG] Invoking ResponseBodyAdvice chain for body=com.taotao.common.pojo.TaotaoResult@4133a473
2018-08-22 12:41:38,649 [http-bio-8080-exec-4] [org.springframework.web.servlet.mvc.method.annotation.ResponseBodyAdviceChain]-[DEBUG] After ResponseBodyAdvice chain body=com.taotao.common.pojo.TaotaoResult@4133a473
2018-08-22 12:41:38,649 [http-bio-8080-exec-4] [org.springframework.web.servlet.mvc.method.annotation.RequestResponseBodyMethodProcessor]-[DEBUG] Written [com.taotao.common.pojo.TaotaoResult@4133a473] as "application/json;charset=UTF-8" using [org.springframework.http.converter.json.MappingJackson2HttpMessageConverter@22fc6eae]
2018-08-22 12:41:38,649 [http-bio-8080-exec-4] [org.springframework.web.servlet.DispatcherServlet]-[DEBUG] Null ModelAndView returned to DispatcherServlet with name 'taotao-manager': assuming HandlerAdapter completed request handling
2018-08-22 12:41:38,649 [http-bio-8080-exec-4] [org.springframework.web.servlet.DispatcherServlet]-[DEBUG] Successfully completed request
2018-08-22 12:41:48,527 [http-bio-8080-exec-4] [org.springframework.web.servlet.DispatcherServlet]-[DEBUG] DispatcherServlet with name 'taotao-manager' processing GET request for [/item-list]
2018-08-22 12:41:48,527 [http-bio-8080-exec-4] [org.springframework.web.servlet.mvc.method.annotation.RequestMappingHandlerMapping]-[DEBUG] Looking up handler method for path /item-list
2018-08-22 12:41:48,528 [http-bio-8080-exec-4] [org.springframework.web.servlet.mvc.method.annotation.RequestMappingHandlerMapping]-[DEBUG] Returning handler method [public java.lang.String com.taotao.controller.PageController.showpage(java.lang.String)]
2018-08-22 12:41:48,528 [http-bio-8080-exec-4] [org.springframework.beans.factory.support.DefaultListableBeanFactory]-[DEBUG] Returning cached instance of singleton bean 'pageController'
2018-08-22 12:41:48,528 [http-bio-8080-exec-4] [org.springframework.web.servlet.DispatcherServlet]-[DEBUG] Last-Modified value for [/item-list] is: -1
2018-08-22 12:41:48,528 [http-bio-8080-exec-4] [org.springframework.beans.factory.support.DefaultListableBeanFactory]-[DEBUG] Invoking afterPropertiesSet() on bean with name 'item-list'
2018-08-22 12:41:48,528 [http-bio-8080-exec-4] [org.springframework.web.servlet.DispatcherServlet]-[DEBUG] Rendering view [org.springframework.web.servlet.view.JstlView: name 'item-list'; URL [/WEB-INF/jsp/item-list.jsp]] in DispatcherServlet with name 'taotao-manager'
2018-08-22 12:41:48,528 [http-bio-8080-exec-4] [org.springframework.web.servlet.view.JstlView]-[DEBUG] Added model object 'page' of type [java.lang.String] to request in view with name 'item-list'
2018-08-22 12:41:48,529 [http-bio-8080-exec-4] [org.springframework.web.servlet.view.JstlView]-[DEBUG] Forwarding to resource [/WEB-INF/jsp/item-list.jsp] in InternalResourceView 'item-list'
2018-08-22 12:41:48,653 [http-bio-8080-exec-4] [org.springframework.web.servlet.DispatcherServlet]-[DEBUG] Successfully completed request
2018-08-22 12:41:48,735 [http-bio-8080-exec-4] [org.springframework.web.servlet.DispatcherServlet]-[DEBUG] DispatcherServlet with name 'taotao-manager' processing GET request for [/js/jquery-easyui-1.4.1/themes/default/images/pagination_icons.png]
2018-08-22 12:41:48,735 [http-bio-8080-exec-4] [org.springframework.web.servlet.mvc.method.annotation.RequestMappingHandlerMapping]-[DEBUG] Looking up handler method for path /js/jquery-easyui-1.4.1/themes/default/images/pagination_icons.png
2018-08-22 12:41:48,736 [http-bio-8080-exec-4] [org.springframework.web.servlet.mvc.method.annotation.RequestMappingHandlerMapping]-[DEBUG] Did not find handler method for [/js/jquery-easyui-1.4.1/themes/default/images/pagination_icons.png]
2018-08-22 12:41:48,736 [http-bio-8080-exec-4] [org.springframework.web.servlet.handler.SimpleUrlHandlerMapping]-[DEBUG] Matching patterns for request [/js/jquery-easyui-1.4.1/themes/default/images/pagination_icons.png] are [/js/**]
2018-08-22 12:41:48,736 [http-bio-8080-exec-4] [org.springframework.web.servlet.handler.SimpleUrlHandlerMapping]-[DEBUG] URI Template variables for request [/js/jquery-easyui-1.4.1/themes/default/images/pagination_icons.png] are {}
2018-08-22 12:41:48,736 [http-bio-8080-exec-4] [org.springframework.web.servlet.handler.SimpleUrlHandlerMapping]-[DEBUG] Mapping [/js/jquery-easyui-1.4.1/themes/default/images/pagination_icons.png] to HandlerExecutionChain with handler [ResourceHttpRequestHandler [locations=[ServletContext resource [/WEB-INF/js/]], resolvers=[org.springframework.web.servlet.resource.PathResourceResolver@69c6bc38]]] and 1 interceptor
2018-08-22 12:41:48,736 [http-bio-8080-exec-4] [org.springframework.web.servlet.DispatcherServlet]-[DEBUG] Last-Modified value for [/js/jquery-easyui-1.4.1/themes/default/images/pagination_icons.png] is: -1
2018-08-22 12:41:48,740 [http-bio-8080-exec-4] [org.springframework.web.servlet.DispatcherServlet]-[DEBUG] Null ModelAndView returned to DispatcherServlet with name 'taotao-manager': assuming HandlerAdapter completed request handling
2018-08-22 12:41:48,740 [http-bio-8080-exec-4] [org.springframework.web.servlet.DispatcherServlet]-[DEBUG] Successfully completed request
2018-08-22 12:41:48,742 [http-bio-8080-exec-2] [org.springframework.web.servlet.DispatcherServlet]-[DEBUG] DispatcherServlet with name 'taotao-manager' processing GET request for [/js/jquery-easyui-1.4.1/themes/icons/edit_remove.png]
2018-08-22 12:41:48,742 [http-bio-8080-exec-2] [org.springframework.web.servlet.mvc.method.annotation.RequestMappingHandlerMapping]-[DEBUG] Looking up handler method for path /js/jquery-easyui-1.4.1/themes/icons/edit_remove.png
2018-08-22 12:41:48,743 [http-bio-8080-exec-2] [org.springframework.web.servlet.mvc.method.annotation.RequestMappingHandlerMapping]-[DEBUG] Did not find handler method for [/js/jquery-easyui-1.4.1/themes/icons/edit_remove.png]
2018-08-22 12:41:48,743 [http-bio-8080-exec-2] [org.springframework.web.servlet.handler.SimpleUrlHandlerMapping]-[DEBUG] Matching patterns for request [/js/jquery-easyui-1.4.1/themes/icons/edit_remove.png] are [/js/**]
2018-08-22 12:41:48,743 [http-bio-8080-exec-2] [org.springframework.web.servlet.handler.SimpleUrlHandlerMapping]-[DEBUG] URI Template variables for request [/js/jquery-easyui-1.4.1/themes/icons/edit_remove.png] are {}
2018-08-22 12:41:48,743 [http-bio-8080-exec-2] [org.springframework.web.servlet.handler.SimpleUrlHandlerMapping]-[DEBUG] Mapping [/js/jquery-easyui-1.4.1/themes/icons/edit_remove.png] to HandlerExecutionChain with handler [ResourceHttpRequestHandler [locations=[ServletContext resource [/WEB-INF/js/]], resolvers=[org.springframework.web.servlet.resource.PathResourceResolver@69c6bc38]]] and 1 interceptor
2018-08-22 12:41:48,743 [http-bio-8080-exec-2] [org.springframework.web.servlet.DispatcherServlet]-[DEBUG] Last-Modified value for [/js/jquery-easyui-1.4.1/themes/icons/edit_remove.png] is: -1
2018-08-22 12:41:48,746 [http-bio-8080-exec-4] [org.springframework.web.servlet.DispatcherServlet]-[DEBUG] DispatcherServlet with name 'taotao-manager' processing GET request for [/js/jquery-easyui-1.4.1/themes/icons/cancel.png]
2018-08-22 12:41:48,746 [http-bio-8080-exec-4] [org.springframework.web.servlet.mvc.method.annotation.RequestMappingHandlerMapping]-[DEBUG] Looking up handler method for path /js/jquery-easyui-1.4.1/themes/icons/cancel.png
2018-08-22 12:41:48,746 [http-bio-8080-exec-4] [org.springframework.web.servlet.mvc.method.annotation.RequestMappingHandlerMapping]-[DEBUG] Did not find handler method for [/js/jquery-easyui-1.4.1/themes/icons/cancel.png]
2018-08-22 12:41:48,746 [http-bio-8080-exec-4] [org.springframework.web.servlet.handler.SimpleUrlHandlerMapping]-[DEBUG] Matching patterns for request [/js/jquery-easyui-1.4.1/themes/icons/cancel.png] are [/js/**]
2018-08-22 12:41:48,747 [http-bio-8080-exec-4] [org.springframework.web.servlet.handler.SimpleUrlHandlerMapping]-[DEBUG] URI Template variables for request [/js/jquery-easyui-1.4.1/themes/icons/cancel.png] are {}
2018-08-22 12:41:48,747 [http-bio-8080-exec-4] [org.springframework.web.servlet.handler.SimpleUrlHandlerMapping]-[DEBUG] Mapping [/js/jquery-easyui-1.4.1/themes/icons/cancel.png] to HandlerExecutionChain with handler [ResourceHttpRequestHandler [locations=[ServletContext resource [/WEB-INF/js/]], resolvers=[org.springframework.web.servlet.resource.PathResourceResolver@69c6bc38]]] and 1 interceptor
2018-08-22 12:41:48,747 [http-bio-8080-exec-4] [org.springframework.web.servlet.DispatcherServlet]-[DEBUG] Last-Modified value for [/js/jquery-easyui-1.4.1/themes/icons/cancel.png] is: -1
2018-08-22 12:41:48,747 [http-bio-8080-exec-2] [org.springframework.web.servlet.DispatcherServlet]-[DEBUG] Null ModelAndView returned to DispatcherServlet with name 'taotao-manager': assuming HandlerAdapter completed request handling
2018-08-22 12:41:48,747 [http-bio-8080-exec-2] [org.springframework.web.servlet.DispatcherServlet]-[DEBUG] Successfully completed request
2018-08-22 12:41:48,753 [http-bio-8080-exec-2] [org.springframework.web.servlet.DispatcherServlet]-[DEBUG] DispatcherServlet with name 'taotao-manager' processing GET request for [/js/jquery-easyui-1.4.1/themes/icons/pencil.png]
2018-08-22 12:41:48,753 [http-bio-8080-exec-2] [org.springframework.web.servlet.mvc.method.annotation.RequestMappingHandlerMapping]-[DEBUG] Looking up handler method for path /js/jquery-easyui-1.4.1/themes/icons/pencil.png
2018-08-22 12:41:48,754 [http-bio-8080-exec-2] [org.springframework.web.servlet.mvc.method.annotation.RequestMappingHandlerMapping]-[DEBUG] Did not find handler method for [/js/jquery-easyui-1.4.1/themes/icons/pencil.png]
2018-08-22 12:41:48,754 [http-bio-8080-exec-2] [org.springframework.web.servlet.handler.SimpleUrlHandlerMapping]-[DEBUG] Matching patterns for request [/js/jquery-easyui-1.4.1/themes/icons/pencil.png] are [/js/**]
2018-08-22 12:41:48,754 [http-bio-8080-exec-2] [org.springframework.web.servlet.handler.SimpleUrlHandlerMapping]-[DEBUG] URI Template variables for request [/js/jquery-easyui-1.4.1/themes/icons/pencil.png] are {}
2018-08-22 12:41:48,754 [http-bio-8080-exec-2] [org.springframework.web.servlet.handler.SimpleUrlHandlerMapping]-[DEBUG] Mapping [/js/jquery-easyui-1.4.1/themes/icons/pencil.png] to HandlerExecutionChain with handler [ResourceHttpRequestHandler [locations=[ServletContext resource [/WEB-INF/js/]], resolvers=[org.springframework.web.servlet.resource.PathResourceResolver@69c6bc38]]] and 1 interceptor
2018-08-22 12:41:48,754 [http-bio-8080-exec-2] [org.springframework.web.servlet.DispatcherServlet]-[DEBUG] Last-Modified value for [/js/jquery-easyui-1.4.1/themes/icons/pencil.png] is: -1
2018-08-22 12:41:48,756 [http-bio-8080-exec-2] [org.springframework.web.servlet.DispatcherServlet]-[DEBUG] Null ModelAndView returned to DispatcherServlet with name 'taotao-manager': assuming HandlerAdapter completed request handling
2018-08-22 12:41:48,756 [http-bio-8080-exec-2] [org.springframework.web.servlet.DispatcherServlet]-[DEBUG] Successfully completed request
2018-08-22 12:41:48,757 [http-bio-8080-exec-6] [org.springframework.web.servlet.DispatcherServlet]-[DEBUG] DispatcherServlet with name 'taotao-manager' processing GET request for [/js/jquery-easyui-1.4.1/themes/icons/edit_add.png]
2018-08-22 12:41:48,757 [http-bio-8080-exec-6] [org.springframework.web.servlet.mvc.method.annotation.RequestMappingHandlerMapping]-[DEBUG] Looking up handler method for path /js/jquery-easyui-1.4.1/themes/icons/edit_add.png
2018-08-22 12:41:48,758 [http-bio-8080-exec-6] [org.springframework.web.servlet.mvc.method.annotation.RequestMappingHandlerMapping]-[DEBUG] Did not find handler method for [/js/jquery-easyui-1.4.1/themes/icons/edit_add.png]
2018-08-22 12:41:48,758 [http-bio-8080-exec-6] [org.springframework.web.servlet.handler.SimpleUrlHandlerMapping]-[DEBUG] Matching patterns for request [/js/jquery-easyui-1.4.1/themes/icons/edit_add.png] are [/js/**]
2018-08-22 12:41:48,758 [http-bio-8080-exec-6] [org.springframework.web.servlet.handler.SimpleUrlHandlerMapping]-[DEBUG] URI Template variables for request [/js/jquery-easyui-1.4.1/themes/icons/edit_add.png] are {}
2018-08-22 12:41:48,758 [http-bio-8080-exec-6] [org.springframework.web.servlet.handler.SimpleUrlHandlerMapping]-[DEBUG] Mapping [/js/jquery-easyui-1.4.1/themes/icons/edit_add.png] to HandlerExecutionChain with handler [ResourceHttpRequestHandler [locations=[ServletContext resource [/WEB-INF/js/]], resolvers=[org.springframework.web.servlet.resource.PathResourceResolver@69c6bc38]]] and 1 interceptor
2018-08-22 12:41:48,758 [http-bio-8080-exec-6] [org.springframework.web.servlet.DispatcherServlet]-[DEBUG] Last-Modified value for [/js/jquery-easyui-1.4.1/themes/icons/edit_add.png] is: -1
2018-08-22 12:41:48,761 [http-bio-8080-exec-4] [org.springframework.web.servlet.DispatcherServlet]-[DEBUG] Null ModelAndView returned to DispatcherServlet with name 'taotao-manager': assuming HandlerAdapter completed request handling
2018-08-22 12:41:48,761 [http-bio-8080-exec-4] [org.springframework.web.servlet.DispatcherServlet]-[DEBUG] Successfully completed request
2018-08-22 12:41:48,766 [http-bio-8080-exec-6] [org.springframework.web.servlet.DispatcherServlet]-[DEBUG] Null ModelAndView returned to DispatcherServlet with name 'taotao-manager': assuming HandlerAdapter completed request handling
2018-08-22 12:41:48,766 [http-bio-8080-exec-6] [org.springframework.web.servlet.DispatcherServlet]-[DEBUG] Successfully completed request
2018-08-22 12:41:48,810 [http-bio-8080-exec-6] [org.springframework.web.servlet.DispatcherServlet]-[DEBUG] DispatcherServlet with name 'taotao-manager' processing GET request for [/item/list]
2018-08-22 12:41:48,810 [http-bio-8080-exec-6] [org.springframework.web.servlet.mvc.method.annotation.RequestMappingHandlerMapping]-[DEBUG] Looking up handler method for path /item/list
2018-08-22 12:41:48,810 [http-bio-8080-exec-6] [org.springframework.web.servlet.mvc.method.annotation.RequestMappingHandlerMapping]-[DEBUG] Returning handler method [public com.taotao.common.pojo.EUDataGridResult com.taotao.controller.ItemController.getItemList(java.lang.Integer,java.lang.Integer)]
2018-08-22 12:41:48,810 [http-bio-8080-exec-6] [org.springframework.beans.factory.support.DefaultListableBeanFactory]-[DEBUG] Returning cached instance of singleton bean 'itemController'
2018-08-22 12:41:48,811 [http-bio-8080-exec-6] [org.springframework.web.servlet.DispatcherServlet]-[DEBUG] Last-Modified value for [/item/list] is: -1
2018-08-22 12:41:48,814 [http-bio-8080-exec-6] [org.mybatis.spring.SqlSessionUtils]-[DEBUG] Creating a new SqlSession
2018-08-22 12:41:48,814 [http-bio-8080-exec-6] [org.mybatis.spring.SqlSessionUtils]-[DEBUG] Registering transaction synchronization for SqlSession [org.apache.ibatis.session.defaults.DefaultSqlSession@5027d12]
2018-08-22 12:41:48,826 [http-bio-8080-exec-6] [SQL_CACHE]-[DEBUG] Cache Hit Ratio [SQL_CACHE]: 0.0
2018-08-22 12:41:48,852 [http-bio-8080-exec-6] [org.springframework.jdbc.datasource.DataSourceUtils]-[DEBUG] Fetching JDBC Connection from DataSource
2018-08-22 12:41:48,852 [http-bio-8080-exec-6] [org.springframework.jdbc.datasource.DataSourceUtils]-[DEBUG] Registering transaction synchronization for JDBC Connection
2018-08-22 12:41:48,852 [http-bio-8080-exec-6] [org.mybatis.spring.transaction.SpringManagedTransaction]-[DEBUG] JDBC Connection [com.mysql.cj.jdbc.ConnectionImpl@5c9b4400] will be managed by Spring
2018-08-22 12:41:48,852 [http-bio-8080-exec-6] [com.taotao.mapper.TbItemMapper.selectByExample_COUNT]-[DEBUG] ==>  Preparing: SELECT count(0) FROM tb_item 
2018-08-22 12:41:48,852 [http-bio-8080-exec-6] [com.taotao.mapper.TbItemMapper.selectByExample_COUNT]-[DEBUG] ==> Parameters: 
2018-08-22 12:41:48,859 [http-bio-8080-exec-6] [com.taotao.mapper.TbItemMapper.selectByExample_COUNT]-[DEBUG] <==      Total: 1
2018-08-22 12:41:48,860 [http-bio-8080-exec-6] [com.taotao.mapper.TbItemMapper.selectByExample]-[DEBUG] ==>  Preparing: select id, title, sell_point, price, num, barcode, image, cid, status, created, updated from tb_item LIMIT 30 
2018-08-22 12:41:48,860 [http-bio-8080-exec-6] [com.taotao.mapper.TbItemMapper.selectByExample]-[DEBUG] ==> Parameters: 
2018-08-22 12:41:48,868 [http-bio-8080-exec-6] [com.taotao.mapper.TbItemMapper.selectByExample]-[DEBUG] <==      Total: 30
2018-08-22 12:41:48,868 [http-bio-8080-exec-6] [org.mybatis.spring.SqlSessionUtils]-[DEBUG] Releasing transactional SqlSession [org.apache.ibatis.session.defaults.DefaultSqlSession@5027d12]
2018-08-22 12:41:48,869 [http-bio-8080-exec-6] [org.mybatis.spring.SqlSessionUtils]-[DEBUG] Transaction synchronization deregistering SqlSession [org.apache.ibatis.session.defaults.DefaultSqlSession@5027d12]
2018-08-22 12:41:48,870 [http-bio-8080-exec-6] [org.mybatis.spring.SqlSessionUtils]-[DEBUG] Transaction synchronization closing SqlSession [org.apache.ibatis.session.defaults.DefaultSqlSession@5027d12]
2018-08-22 12:41:48,870 [http-bio-8080-exec-6] [org.springframework.jdbc.datasource.DataSourceUtils]-[DEBUG] Returning JDBC Connection to DataSource
2018-08-22 12:41:48,871 [http-bio-8080-exec-6] [org.springframework.web.servlet.mvc.method.annotation.ResponseBodyAdviceChain]-[DEBUG] Invoking ResponseBodyAdvice chain for body=com.taotao.common.pojo.EUDataGridResult@647a9a05
2018-08-22 12:41:48,871 [http-bio-8080-exec-6] [org.springframework.web.servlet.mvc.method.annotation.ResponseBodyAdviceChain]-[DEBUG] After ResponseBodyAdvice chain body=com.taotao.common.pojo.EUDataGridResult@647a9a05
2018-08-22 12:41:48,876 [http-bio-8080-exec-6] [org.springframework.web.servlet.mvc.method.annotation.RequestResponseBodyMethodProcessor]-[DEBUG] Written [com.taotao.common.pojo.EUDataGridResult@647a9a05] as "application/json;charset=UTF-8" using [org.springframework.http.converter.json.MappingJackson2HttpMessageConverter@22fc6eae]
2018-08-22 12:41:48,876 [http-bio-8080-exec-6] [org.springframework.web.servlet.DispatcherServlet]-[DEBUG] Null ModelAndView returned to DispatcherServlet with name 'taotao-manager': assuming HandlerAdapter completed request handling
2018-08-22 12:41:48,876 [http-bio-8080-exec-6] [org.springframework.web.servlet.DispatcherServlet]-[DEBUG] Successfully completed request
2018-08-22 12:41:51,500 [http-bio-8080-exec-6] [org.springframework.web.servlet.DispatcherServlet]-[DEBUG] DispatcherServlet with name 'taotao-manager' processing GET request for [/item/list]
2018-08-22 12:41:51,500 [http-bio-8080-exec-6] [org.springframework.web.servlet.mvc.method.annotation.RequestMappingHandlerMapping]-[DEBUG] Looking up handler method for path /item/list
2018-08-22 12:41:51,500 [http-bio-8080-exec-6] [org.springframework.web.servlet.mvc.method.annotation.RequestMappingHandlerMapping]-[DEBUG] Returning handler method [public com.taotao.common.pojo.EUDataGridResult com.taotao.controller.ItemController.getItemList(java.lang.Integer,java.lang.Integer)]
2018-08-22 12:41:51,500 [http-bio-8080-exec-6] [org.springframework.beans.factory.support.DefaultListableBeanFactory]-[DEBUG] Returning cached instance of singleton bean 'itemController'
2018-08-22 12:41:51,500 [http-bio-8080-exec-6] [org.springframework.web.servlet.DispatcherServlet]-[DEBUG] Last-Modified value for [/item/list] is: -1
2018-08-22 12:41:51,501 [http-bio-8080-exec-6] [org.mybatis.spring.SqlSessionUtils]-[DEBUG] Creating a new SqlSession
2018-08-22 12:41:51,501 [http-bio-8080-exec-6] [org.mybatis.spring.SqlSessionUtils]-[DEBUG] Registering transaction synchronization for SqlSession [org.apache.ibatis.session.defaults.DefaultSqlSession@9d5aa7a]
2018-08-22 12:41:51,501 [http-bio-8080-exec-6] [SQL_CACHE]-[DEBUG] Cache Hit Ratio [SQL_CACHE]: 0.5
2018-08-22 12:41:51,502 [http-bio-8080-exec-6] [org.springframework.jdbc.datasource.DataSourceUtils]-[DEBUG] Fetching JDBC Connection from DataSource
2018-08-22 12:41:51,503 [http-bio-8080-exec-6] [org.springframework.jdbc.datasource.DataSourceUtils]-[DEBUG] Registering transaction synchronization for JDBC Connection
2018-08-22 12:41:51,503 [http-bio-8080-exec-6] [org.mybatis.spring.transaction.SpringManagedTransaction]-[DEBUG] JDBC Connection [com.mysql.cj.jdbc.ConnectionImpl@5c9b4400] will be managed by Spring
2018-08-22 12:41:51,503 [http-bio-8080-exec-6] [com.taotao.mapper.TbItemMapper.selectByExample_COUNT]-[DEBUG] ==>  Preparing: SELECT count(0) FROM tb_item 
2018-08-22 12:41:51,503 [http-bio-8080-exec-6] [com.taotao.mapper.TbItemMapper.selectByExample_COUNT]-[DEBUG] ==> Parameters: 
2018-08-22 12:41:51,506 [http-bio-8080-exec-6] [com.taotao.mapper.TbItemMapper.selectByExample_COUNT]-[DEBUG] <==      Total: 1
2018-08-22 12:41:51,507 [http-bio-8080-exec-6] [com.taotao.mapper.TbItemMapper.selectByExample]-[DEBUG] ==>  Preparing: select id, title, sell_point, price, num, barcode, image, cid, status, created, updated from tb_item LIMIT 3090,30 
2018-08-22 12:41:51,507 [http-bio-8080-exec-6] [com.taotao.mapper.TbItemMapper.selectByExample]-[DEBUG] ==> Parameters: 
2018-08-22 12:41:51,515 [http-bio-8080-exec-6] [com.taotao.mapper.TbItemMapper.selectByExample]-[DEBUG] <==      Total: 8
2018-08-22 12:41:51,516 [http-bio-8080-exec-6] [org.mybatis.spring.SqlSessionUtils]-[DEBUG] Releasing transactional SqlSession [org.apache.ibatis.session.defaults.DefaultSqlSession@9d5aa7a]
2018-08-22 12:41:51,516 [http-bio-8080-exec-6] [org.mybatis.spring.SqlSessionUtils]-[DEBUG] Transaction synchronization deregistering SqlSession [org.apache.ibatis.session.defaults.DefaultSqlSession@9d5aa7a]
2018-08-22 12:41:51,516 [http-bio-8080-exec-6] [org.mybatis.spring.SqlSessionUtils]-[DEBUG] Transaction synchronization closing SqlSession [org.apache.ibatis.session.defaults.DefaultSqlSession@9d5aa7a]
2018-08-22 12:41:51,516 [http-bio-8080-exec-6] [org.springframework.jdbc.datasource.DataSourceUtils]-[DEBUG] Returning JDBC Connection to DataSource
2018-08-22 12:41:51,516 [http-bio-8080-exec-6] [org.springframework.web.servlet.mvc.method.annotation.ResponseBodyAdviceChain]-[DEBUG] Invoking ResponseBodyAdvice chain for body=com.taotao.common.pojo.EUDataGridResult@25ce80bd
2018-08-22 12:41:51,516 [http-bio-8080-exec-6] [org.springframework.web.servlet.mvc.method.annotation.ResponseBodyAdviceChain]-[DEBUG] After ResponseBodyAdvice chain body=com.taotao.common.pojo.EUDataGridResult@25ce80bd
2018-08-22 12:41:51,517 [http-bio-8080-exec-6] [org.springframework.web.servlet.mvc.method.annotation.RequestResponseBodyMethodProcessor]-[DEBUG] Written [com.taotao.common.pojo.EUDataGridResult@25ce80bd] as "application/json;charset=UTF-8" using [org.springframework.http.converter.json.MappingJackson2HttpMessageConverter@22fc6eae]
2018-08-22 12:41:51,517 [http-bio-8080-exec-6] [org.springframework.web.servlet.DispatcherServlet]-[DEBUG] Null ModelAndView returned to DispatcherServlet with name 'taotao-manager': assuming HandlerAdapter completed request handling
2018-08-22 12:41:51,517 [http-bio-8080-exec-6] [org.springframework.web.servlet.DispatcherServlet]-[DEBUG] Successfully completed request
