2018-08-20 13:48:57,149 [localhost-startStop-1] [org.springframework.beans.factory.support.DefaultListableBeanFactory]-[DEBUG] Finished creating instance of bean '(inner bean)#1108122f#2'
2018-08-20 13:48:57,149 [localhost-startStop-1] [org.springframework.beans.factory.support.DefaultListableBeanFactory]-[DEBUG] Creating instance of bean '(inner bean)#421c969a#2'
2018-08-20 13:48:57,154 [localhost-startStop-1] [org.springframework.beans.factory.support.DefaultListableBeanFactory]-[DEBUG] Finished creating instance of bean '(inner bean)#421c969a#2'
2018-08-20 13:48:57,155 [localhost-startStop-1] [org.springframework.beans.factory.support.DefaultListableBeanFactory]-[DEBUG] Creating instance of bean '(inner bean)#1374d720#2'
2018-08-20 13:48:57,156 [localhost-startStop-1] [org.springframework.beans.factory.support.DefaultListableBeanFactory]-[DEBUG] Finished creating instance of bean '(inner bean)#1374d720#2'
2018-08-20 13:48:57,156 [localhost-startStop-1] [org.springframework.beans.factory.support.DefaultListableBeanFactory]-[DEBUG] Creating instance of bean '(inner bean)#6fd5e306#2'
2018-08-20 13:48:57,157 [localhost-startStop-1] [org.springframework.beans.factory.support.DefaultListableBeanFactory]-[DEBUG] Creating instance of bean '(inner bean)#77f43a#2'
2018-08-20 13:48:57,157 [localhost-startStop-1] [org.springframework.beans.factory.support.DefaultListableBeanFactory]-[DEBUG] Invoking afterPropertiesSet() on bean with name '(inner bean)#77f43a#2'
2018-08-20 13:48:57,159 [localhost-startStop-1] [org.springframework.beans.factory.support.DefaultListableBeanFactory]-[DEBUG] Finished creating instance of bean '(inner bean)#77f43a#2'
2018-08-20 13:48:57,160 [localhost-startStop-1] [org.springframework.beans.factory.support.DefaultListableBeanFactory]-[DEBUG] Finished creating instance of bean '(inner bean)#6fd5e306#2'
2018-08-20 13:48:57,160 [localhost-startStop-1] [org.springframework.beans.factory.support.DefaultListableBeanFactory]-[DEBUG] Creating instance of bean '(inner bean)#6c70c2de'
2018-08-20 13:48:57,161 [localhost-startStop-1] [org.springframework.beans.factory.support.DefaultListableBeanFactory]-[DEBUG] Finished creating instance of bean '(inner bean)#6c70c2de'
2018-08-20 13:48:57,161 [localhost-startStop-1] [org.springframework.beans.factory.support.DefaultListableBeanFactory]-[DEBUG] Invoking afterPropertiesSet() on bean with name 'org.springframework.web.servlet.mvc.method.annotation.ExceptionHandlerExceptionResolver#0'
2018-08-20 13:48:57,161 [localhost-startStop-1] [org.springframework.web.servlet.mvc.method.annotation.ExceptionHandlerExceptionResolver]-[DEBUG] Looking for exception mappings: WebApplicationContext for namespace 'taotao-portal-servlet': startup date [Mon Aug 20 13:48:56 CST 2018]; parent: Root WebApplicationContext
2018-08-20 13:48:57,162 [localhost-startStop-1] [org.springframework.beans.factory.support.DefaultListableBeanFactory]-[DEBUG] Finished creating instance of bean 'org.springframework.web.servlet.mvc.method.annotation.ExceptionHandlerExceptionResolver#0'
2018-08-20 13:48:57,162 [localhost-startStop-1] [org.springframework.beans.factory.support.DefaultListableBeanFactory]-[DEBUG] Creating shared instance of singleton bean 'org.springframework.web.servlet.mvc.annotation.ResponseStatusExceptionResolver#0'
2018-08-20 13:48:57,163 [localhost-startStop-1] [org.springframework.beans.factory.support.DefaultListableBeanFactory]-[DEBUG] Creating instance of bean 'org.springframework.web.servlet.mvc.annotation.ResponseStatusExceptionResolver#0'
2018-08-20 13:48:57,163 [localhost-startStop-1] [org.springframework.beans.factory.support.DefaultListableBeanFactory]-[DEBUG] Eagerly caching bean 'org.springframework.web.servlet.mvc.annotation.ResponseStatusExceptionResolver#0' to allow for resolving potential circular references
2018-08-20 13:48:57,166 [localhost-startStop-1] [org.springframework.beans.factory.support.DefaultListableBeanFactory]-[DEBUG] Finished creating instance of bean 'org.springframework.web.servlet.mvc.annotation.ResponseStatusExceptionResolver#0'
2018-08-20 13:48:57,166 [localhost-startStop-1] [org.springframework.beans.factory.support.DefaultListableBeanFactory]-[DEBUG] Creating shared instance of singleton bean 'org.springframework.web.servlet.mvc.support.DefaultHandlerExceptionResolver#0'
2018-08-20 13:48:57,167 [localhost-startStop-1] [org.springframework.beans.factory.support.DefaultListableBeanFactory]-[DEBUG] Creating instance of bean 'org.springframework.web.servlet.mvc.support.DefaultHandlerExceptionResolver#0'
2018-08-20 13:48:57,167 [localhost-startStop-1] [org.springframework.beans.factory.support.DefaultListableBeanFactory]-[DEBUG] Eagerly caching bean 'org.springframework.web.servlet.mvc.support.DefaultHandlerExceptionResolver#0' to allow for resolving potential circular references
2018-08-20 13:48:57,169 [localhost-startStop-1] [org.springframework.beans.factory.support.DefaultListableBeanFactory]-[DEBUG] Finished creating instance of bean 'org.springframework.web.servlet.mvc.support.DefaultHandlerExceptionResolver#0'
2018-08-20 13:48:57,169 [localhost-startStop-1] [org.springframework.beans.factory.support.DefaultListableBeanFactory]-[DEBUG] Creating shared instance of singleton bean 'org.springframework.web.servlet.handler.BeanNameUrlHandlerMapping'
2018-08-20 13:48:57,169 [localhost-startStop-1] [org.springframework.beans.factory.support.DefaultListableBeanFactory]-[DEBUG] Creating instance of bean 'org.springframework.web.servlet.handler.BeanNameUrlHandlerMapping'
2018-08-20 13:48:57,170 [localhost-startStop-1] [org.springframework.beans.factory.support.DefaultListableBeanFactory]-[DEBUG] Eagerly caching bean 'org.springframework.web.servlet.handler.BeanNameUrlHandlerMapping' to allow for resolving potential circular references
2018-08-20 13:48:57,176 [localhost-startStop-1] [org.springframework.beans.factory.support.DefaultListableBeanFactory]-[DEBUG] Returning cached instance of singleton bean 'org.springframework.web.servlet.handler.MappedInterceptor#0'
2018-08-20 13:48:57,177 [localhost-startStop-1] [org.springframework.web.servlet.handler.BeanNameUrlHandlerMapping]-[DEBUG] Looking for URL mappings in application context: WebApplicationContext for namespace 'taotao-portal-servlet': startup date [Mon Aug 20 13:48:56 CST 2018]; parent: Root WebApplicationContext
2018-08-20 13:48:57,177 [localhost-startStop-1] [org.springframework.web.servlet.handler.BeanNameUrlHandlerMapping]-[DEBUG] Rejected bean name 'indexController': no URL paths identified
2018-08-20 13:48:57,178 [localhost-startStop-1] [org.springframework.web.servlet.handler.BeanNameUrlHandlerMapping]-[DEBUG] Rejected bean name 'org.springframework.context.annotation.internalConfigurationAnnotationProcessor': no URL paths identified
2018-08-20 13:48:57,178 [localhost-startStop-1] [org.springframework.web.servlet.handler.BeanNameUrlHandlerMapping]-[DEBUG] Rejected bean name 'org.springframework.context.annotation.internalAutowiredAnnotationProcessor': no URL paths identified
2018-08-20 13:48:57,178 [localhost-startStop-1] [org.springframework.web.servlet.handler.BeanNameUrlHandlerMapping]-[DEBUG] Rejected bean name 'org.springframework.context.annotation.internalRequiredAnnotationProcessor': no URL paths identified
2018-08-20 13:48:57,178 [localhost-startStop-1] [org.springframework.web.servlet.handler.BeanNameUrlHandlerMapping]-[DEBUG] Rejected bean name 'org.springframework.context.annotation.internalCommonAnnotationProcessor': no URL paths identified
2018-08-20 13:48:57,178 [localhost-startStop-1] [org.springframework.web.servlet.handler.BeanNameUrlHandlerMapping]-[DEBUG] Rejected bean name 'mvcContentNegotiationManager': no URL paths identified
2018-08-20 13:48:57,178 [localhost-startStop-1] [org.springframework.web.servlet.handler.BeanNameUrlHandlerMapping]-[DEBUG] Rejected bean name 'org.springframework.web.servlet.mvc.method.annotation.RequestMappingHandlerMapping#0': no URL paths identified
2018-08-20 13:48:57,178 [localhost-startStop-1] [org.springframework.web.servlet.handler.BeanNameUrlHandlerMapping]-[DEBUG] Rejected bean name 'org.springframework.format.support.FormattingConversionServiceFactoryBean#0': no URL paths identified
2018-08-20 13:48:57,178 [localhost-startStop-1] [org.springframework.web.servlet.handler.BeanNameUrlHandlerMapping]-[DEBUG] Rejected bean name 'org.springframework.web.servlet.mvc.method.annotation.RequestMappingHandlerAdapter#0': no URL paths identified
2018-08-20 13:48:57,179 [localhost-startStop-1] [org.springframework.web.servlet.handler.BeanNameUrlHandlerMapping]-[DEBUG] Rejected bean name 'mvcUriComponentsContributor': no URL paths identified
2018-08-20 13:48:57,179 [localhost-startStop-1] [org.springframework.web.servlet.handler.BeanNameUrlHandlerMapping]-[DEBUG] Rejected bean name 'org.springframework.web.servlet.handler.MappedInterceptor#0': no URL paths identified
2018-08-20 13:48:57,179 [localhost-startStop-1] [org.springframework.web.servlet.handler.BeanNameUrlHandlerMapping]-[DEBUG] Rejected bean name 'org.springframework.web.servlet.mvc.method.annotation.ExceptionHandlerExceptionResolver#0': no URL paths identified
2018-08-20 13:48:57,179 [localhost-startStop-1] [org.springframework.web.servlet.handler.BeanNameUrlHandlerMapping]-[DEBUG] Rejected bean name 'org.springframework.web.servlet.mvc.annotation.ResponseStatusExceptionResolver#0': no URL paths identified
2018-08-20 13:48:57,179 [localhost-startStop-1] [org.springframework.web.servlet.handler.BeanNameUrlHandlerMapping]-[DEBUG] Rejected bean name 'org.springframework.web.servlet.mvc.support.DefaultHandlerExceptionResolver#0': no URL paths identified
2018-08-20 13:48:57,179 [localhost-startStop-1] [org.springframework.web.servlet.handler.BeanNameUrlHandlerMapping]-[DEBUG] Rejected bean name 'org.springframework.web.servlet.handler.BeanNameUrlHandlerMapping': no URL paths identified
2018-08-20 13:48:57,179 [localhost-startStop-1] [org.springframework.web.servlet.handler.BeanNameUrlHandlerMapping]-[DEBUG] Rejected bean name 'org.springframework.web.servlet.mvc.HttpRequestHandlerAdapter': no URL paths identified
2018-08-20 13:48:57,179 [localhost-startStop-1] [org.springframework.web.servlet.handler.BeanNameUrlHandlerMapping]-[DEBUG] Rejected bean name 'org.springframework.web.servlet.mvc.SimpleControllerHandlerAdapter': no URL paths identified
2018-08-20 13:48:57,179 [localhost-startStop-1] [org.springframework.web.servlet.handler.BeanNameUrlHandlerMapping]-[DEBUG] Rejected bean name 'org.springframework.web.servlet.view.InternalResourceViewResolver#0': no URL paths identified
2018-08-20 13:48:57,179 [localhost-startStop-1] [org.springframework.web.servlet.handler.BeanNameUrlHandlerMapping]-[DEBUG] Rejected bean name 'org.springframework.context.annotation.ConfigurationClassPostProcessor.importAwareProcessor': no URL paths identified
2018-08-20 13:48:57,180 [localhost-startStop-1] [org.springframework.web.servlet.handler.BeanNameUrlHandlerMapping]-[DEBUG] Rejected bean name 'org.springframework.context.annotation.ConfigurationClassPostProcessor.enhancedConfigurationProcessor': no URL paths identified
2018-08-20 13:48:57,180 [localhost-startStop-1] [org.springframework.web.servlet.handler.BeanNameUrlHandlerMapping]-[DEBUG] Rejected bean name 'environment': no URL paths identified
2018-08-20 13:48:57,180 [localhost-startStop-1] [org.springframework.web.servlet.handler.BeanNameUrlHandlerMapping]-[DEBUG] Rejected bean name 'systemProperties': no URL paths identified
2018-08-20 13:48:57,180 [localhost-startStop-1] [org.springframework.web.servlet.handler.BeanNameUrlHandlerMapping]-[DEBUG] Rejected bean name 'systemEnvironment': no URL paths identified
2018-08-20 13:48:57,180 [localhost-startStop-1] [org.springframework.web.servlet.handler.BeanNameUrlHandlerMapping]-[DEBUG] Rejected bean name 'servletConfig': no URL paths identified
2018-08-20 13:48:57,180 [localhost-startStop-1] [org.springframework.web.servlet.handler.BeanNameUrlHandlerMapping]-[DEBUG] Rejected bean name 'org.springframework.context.annotation.ConfigurationClassPostProcessor.importRegistry': no URL paths identified
2018-08-20 13:48:57,180 [localhost-startStop-1] [org.springframework.web.servlet.handler.BeanNameUrlHandlerMapping]-[DEBUG] Rejected bean name 'messageSource': no URL paths identified
2018-08-20 13:48:57,180 [localhost-startStop-1] [org.springframework.web.servlet.handler.BeanNameUrlHandlerMapping]-[DEBUG] Rejected bean name 'applicationEventMulticaster': no URL paths identified
2018-08-20 13:48:57,180 [localhost-startStop-1] [org.springframework.beans.factory.support.DefaultListableBeanFactory]-[DEBUG] Finished creating instance of bean 'org.springframework.web.servlet.handler.BeanNameUrlHandlerMapping'
2018-08-20 13:48:57,180 [localhost-startStop-1] [org.springframework.beans.factory.support.DefaultListableBeanFactory]-[DEBUG] Creating shared instance of singleton bean 'org.springframework.web.servlet.mvc.HttpRequestHandlerAdapter'
2018-08-20 13:48:57,181 [localhost-startStop-1] [org.springframework.beans.factory.support.DefaultListableBeanFactory]-[DEBUG] Creating instance of bean 'org.springframework.web.servlet.mvc.HttpRequestHandlerAdapter'
2018-08-20 13:48:57,181 [localhost-startStop-1] [org.springframework.beans.factory.support.DefaultListableBeanFactory]-[DEBUG] Eagerly caching bean 'org.springframework.web.servlet.mvc.HttpRequestHandlerAdapter' to allow for resolving potential circular references
2018-08-20 13:48:57,183 [localhost-startStop-1] [org.springframework.beans.factory.support.DefaultListableBeanFactory]-[DEBUG] Finished creating instance of bean 'org.springframework.web.servlet.mvc.HttpRequestHandlerAdapter'
2018-08-20 13:48:57,184 [localhost-startStop-1] [org.springframework.beans.factory.support.DefaultListableBeanFactory]-[DEBUG] Creating shared instance of singleton bean 'org.springframework.web.servlet.mvc.SimpleControllerHandlerAdapter'
2018-08-20 13:48:57,184 [localhost-startStop-1] [org.springframework.beans.factory.support.DefaultListableBeanFactory]-[DEBUG] Creating instance of bean 'org.springframework.web.servlet.mvc.SimpleControllerHandlerAdapter'
2018-08-20 13:48:57,184 [localhost-startStop-1] [org.springframework.beans.factory.support.DefaultListableBeanFactory]-[DEBUG] Eagerly caching bean 'org.springframework.web.servlet.mvc.SimpleControllerHandlerAdapter' to allow for resolving potential circular references
2018-08-20 13:48:57,189 [localhost-startStop-1] [org.springframework.beans.factory.support.DefaultListableBeanFactory]-[DEBUG] Finished creating instance of bean 'org.springframework.web.servlet.mvc.SimpleControllerHandlerAdapter'
2018-08-20 13:48:57,189 [localhost-startStop-1] [org.springframework.beans.factory.support.DefaultListableBeanFactory]-[DEBUG] Creating shared instance of singleton bean 'org.springframework.web.servlet.view.InternalResourceViewResolver#0'
2018-08-20 13:48:57,189 [localhost-startStop-1] [org.springframework.beans.factory.support.DefaultListableBeanFactory]-[DEBUG] Creating instance of bean 'org.springframework.web.servlet.view.InternalResourceViewResolver#0'
2018-08-20 13:48:57,198 [localhost-startStop-1] [org.springframework.beans.factory.support.DefaultListableBeanFactory]-[DEBUG] Eagerly caching bean 'org.springframework.web.servlet.view.InternalResourceViewResolver#0' to allow for resolving potential circular references
2018-08-20 13:48:57,206 [localhost-startStop-1] [org.springframework.beans.factory.support.DefaultListableBeanFactory]-[DEBUG] Finished creating instance of bean 'org.springframework.web.servlet.view.InternalResourceViewResolver#0'
2018-08-20 13:48:57,207 [localhost-startStop-1] [org.springframework.beans.factory.support.DefaultListableBeanFactory]-[DEBUG] Returning cached instance of singleton bean 'org.springframework.context.annotation.ConfigurationClassPostProcessor.importAwareProcessor'
2018-08-20 13:48:57,207 [localhost-startStop-1] [org.springframework.beans.factory.support.DefaultListableBeanFactory]-[DEBUG] Returning cached instance of singleton bean 'org.springframework.context.annotation.ConfigurationClassPostProcessor.enhancedConfigurationProcessor'
2018-08-20 13:48:57,207 [localhost-startStop-1] [org.springframework.web.context.support.XmlWebApplicationContext]-[DEBUG] Unable to locate LifecycleProcessor with name 'lifecycleProcessor': using default [org.springframework.context.support.DefaultLifecycleProcessor@47b3fcc8]
2018-08-20 13:48:57,207 [localhost-startStop-1] [org.springframework.beans.factory.support.DefaultListableBeanFactory]-[DEBUG] Returning cached instance of singleton bean 'lifecycleProcessor'
2018-08-20 13:48:57,208 [localhost-startStop-1] [org.springframework.web.servlet.DispatcherServlet]-[DEBUG] Unable to locate MultipartResolver with name 'multipartResolver': no multipart request handling provided
2018-08-20 13:48:57,209 [localhost-startStop-1] [org.springframework.beans.factory.support.DefaultListableBeanFactory]-[DEBUG] Creating instance of bean 'org.springframework.web.servlet.i18n.AcceptHeaderLocaleResolver'
2018-08-20 13:48:57,212 [localhost-startStop-1] [org.springframework.beans.factory.support.DefaultListableBeanFactory]-[DEBUG] Finished creating instance of bean 'org.springframework.web.servlet.i18n.AcceptHeaderLocaleResolver'
2018-08-20 13:48:57,212 [localhost-startStop-1] [org.springframework.web.servlet.DispatcherServlet]-[DEBUG] Unable to locate LocaleResolver with name 'localeResolver': using default [org.springframework.web.servlet.i18n.AcceptHeaderLocaleResolver@6abb6434]
2018-08-20 13:48:57,213 [localhost-startStop-1] [org.springframework.beans.factory.support.DefaultListableBeanFactory]-[DEBUG] Creating instance of bean 'org.springframework.web.servlet.theme.FixedThemeResolver'
2018-08-20 13:48:57,218 [localhost-startStop-1] [org.springframework.beans.factory.support.DefaultListableBeanFactory]-[DEBUG] Finished creating instance of bean 'org.springframework.web.servlet.theme.FixedThemeResolver'
2018-08-20 13:48:57,218 [localhost-startStop-1] [org.springframework.web.servlet.DispatcherServlet]-[DEBUG] Unable to locate ThemeResolver with name 'themeResolver': using default [org.springframework.web.servlet.theme.FixedThemeResolver@34ae3901]
2018-08-20 13:48:57,219 [localhost-startStop-1] [org.springframework.beans.factory.support.DefaultListableBeanFactory]-[DEBUG] Returning cached instance of singleton bean 'org.springframework.web.servlet.mvc.method.annotation.RequestMappingHandlerMapping#0'
2018-08-20 13:48:57,219 [localhost-startStop-1] [org.springframework.beans.factory.support.DefaultListableBeanFactory]-[DEBUG] Returning cached instance of singleton bean 'org.springframework.web.servlet.handler.BeanNameUrlHandlerMapping'
2018-08-20 13:48:57,219 [localhost-startStop-1] [org.springframework.beans.factory.support.DefaultListableBeanFactory]-[DEBUG] Returning cached instance of singleton bean 'org.springframework.web.servlet.mvc.method.annotation.RequestMappingHandlerAdapter#0'
2018-08-20 13:48:57,219 [localhost-startStop-1] [org.springframework.beans.factory.support.DefaultListableBeanFactory]-[DEBUG] Returning cached instance of singleton bean 'org.springframework.web.servlet.mvc.HttpRequestHandlerAdapter'
2018-08-20 13:48:57,219 [localhost-startStop-1] [org.springframework.beans.factory.support.DefaultListableBeanFactory]-[DEBUG] Returning cached instance of singleton bean 'org.springframework.web.servlet.mvc.SimpleControllerHandlerAdapter'
2018-08-20 13:48:57,219 [localhost-startStop-1] [org.springframework.beans.factory.support.DefaultListableBeanFactory]-[DEBUG] Returning cached instance of singleton bean 'org.springframework.web.servlet.mvc.method.annotation.ExceptionHandlerExceptionResolver#0'
2018-08-20 13:48:57,220 [localhost-startStop-1] [org.springframework.beans.factory.support.DefaultListableBeanFactory]-[DEBUG] Returning cached instance of singleton bean 'org.springframework.web.servlet.mvc.annotation.ResponseStatusExceptionResolver#0'
2018-08-20 13:48:57,220 [localhost-startStop-1] [org.springframework.beans.factory.support.DefaultListableBeanFactory]-[DEBUG] Returning cached instance of singleton bean 'org.springframework.web.servlet.mvc.support.DefaultHandlerExceptionResolver#0'
2018-08-20 13:48:57,220 [localhost-startStop-1] [org.springframework.beans.factory.support.DefaultListableBeanFactory]-[DEBUG] Creating instance of bean 'org.springframework.web.servlet.view.DefaultRequestToViewNameTranslator'
2018-08-20 13:48:57,224 [localhost-startStop-1] [org.springframework.beans.factory.support.DefaultListableBeanFactory]-[DEBUG] Finished creating instance of bean 'org.springframework.web.servlet.view.DefaultRequestToViewNameTranslator'
2018-08-20 13:48:57,224 [localhost-startStop-1] [org.springframework.web.servlet.DispatcherServlet]-[DEBUG] Unable to locate RequestToViewNameTranslator with name 'viewNameTranslator': using default [org.springframework.web.servlet.view.DefaultRequestToViewNameTranslator@34f527cb]
2018-08-20 13:48:57,224 [localhost-startStop-1] [org.springframework.beans.factory.support.DefaultListableBeanFactory]-[DEBUG] Returning cached instance of singleton bean 'org.springframework.web.servlet.view.InternalResourceViewResolver#0'
2018-08-20 13:48:57,226 [localhost-startStop-1] [org.springframework.beans.factory.support.DefaultListableBeanFactory]-[DEBUG] Creating instance of bean 'org.springframework.web.servlet.support.SessionFlashMapManager'
2018-08-20 13:48:57,233 [localhost-startStop-1] [org.springframework.beans.factory.support.DefaultListableBeanFactory]-[DEBUG] Finished creating instance of bean 'org.springframework.web.servlet.support.SessionFlashMapManager'
2018-08-20 13:48:57,233 [localhost-startStop-1] [org.springframework.web.servlet.DispatcherServlet]-[DEBUG] Unable to locate FlashMapManager with name 'flashMapManager': using default [org.springframework.web.servlet.support.SessionFlashMapManager@4b2012f4]
2018-08-20 13:48:57,233 [localhost-startStop-1] [org.springframework.core.env.PropertySourcesPropertyResolver]-[DEBUG] Searching for key 'spring.liveBeansView.mbeanDomain' in [servletConfigInitParams]
2018-08-20 13:48:57,233 [localhost-startStop-1] [org.springframework.core.env.PropertySourcesPropertyResolver]-[DEBUG] Searching for key 'spring.liveBeansView.mbeanDomain' in [servletContextInitParams]
2018-08-20 13:48:57,234 [localhost-startStop-1] [org.springframework.core.env.PropertySourcesPropertyResolver]-[DEBUG] Searching for key 'spring.liveBeansView.mbeanDomain' in [jndiProperties]
2018-08-20 13:48:57,234 [localhost-startStop-1] [org.springframework.jndi.JndiTemplate]-[DEBUG] Looking up JNDI object with name [java:comp/env/spring.liveBeansView.mbeanDomain]
2018-08-20 13:48:57,234 [localhost-startStop-1] [org.springframework.jndi.JndiLocatorDelegate]-[DEBUG] Converted JNDI name [java:comp/env/spring.liveBeansView.mbeanDomain] not found - trying original name [spring.liveBeansView.mbeanDomain]. javax.naming.NameNotFoundException: Name [spring.liveBeansView.mbeanDomain] is not bound in this Context. Unable to find [spring.liveBeansView.mbeanDomain].
2018-08-20 13:48:57,234 [localhost-startStop-1] [org.springframework.jndi.JndiTemplate]-[DEBUG] Looking up JNDI object with name [spring.liveBeansView.mbeanDomain]
2018-08-20 13:48:57,234 [localhost-startStop-1] [org.springframework.jndi.JndiPropertySource]-[DEBUG] JNDI lookup for name [spring.liveBeansView.mbeanDomain] threw NamingException with message: Name [spring.liveBeansView.mbeanDomain] is not bound in this Context. Unable to find [spring.liveBeansView.mbeanDomain].. Returning null.
2018-08-20 13:48:57,234 [localhost-startStop-1] [org.springframework.core.env.PropertySourcesPropertyResolver]-[DEBUG] Searching for key 'spring.liveBeansView.mbeanDomain' in [systemProperties]
2018-08-20 13:48:57,235 [localhost-startStop-1] [org.springframework.core.env.PropertySourcesPropertyResolver]-[DEBUG] Searching for key 'spring.liveBeansView.mbeanDomain' in [systemEnvironment]
2018-08-20 13:48:57,235 [localhost-startStop-1] [org.springframework.core.env.PropertySourcesPropertyResolver]-[DEBUG] Could not find key 'spring.liveBeansView.mbeanDomain' in any property source. Returning [null]
2018-08-20 13:48:57,235 [localhost-startStop-1] [org.springframework.web.servlet.DispatcherServlet]-[DEBUG] Published WebApplicationContext of servlet 'taotao-portal' as ServletContext attribute with name [org.springframework.web.servlet.FrameworkServlet.CONTEXT.taotao-portal]
2018-08-20 13:48:57,235 [localhost-startStop-1] [org.springframework.web.servlet.DispatcherServlet]-[INFO] FrameworkServlet 'taotao-portal': initialization completed in 1183 ms
2018-08-20 13:48:57,235 [localhost-startStop-1] [org.springframework.web.servlet.DispatcherServlet]-[DEBUG] Servlet 'taotao-portal' configured successfully
2018-08-20 13:48:59,032 [http-bio-8082-exec-1] [org.springframework.web.servlet.DispatcherServlet]-[DEBUG] DispatcherServlet with name 'taotao-portal' processing GET request for [/]
2018-08-20 13:48:59,038 [http-bio-8082-exec-1] [org.springframework.web.servlet.mvc.method.annotation.RequestMappingHandlerMapping]-[DEBUG] Looking up handler method for path /index.html
2018-08-20 13:48:59,040 [http-bio-8082-exec-1] [org.springframework.web.servlet.mvc.method.annotation.RequestMappingHandlerMapping]-[DEBUG] Returning handler method [public java.lang.String com.taotao.portal.controller.IndexController.showIndex(org.springframework.ui.Model)]
2018-08-20 13:48:59,040 [http-bio-8082-exec-1] [org.springframework.beans.factory.support.DefaultListableBeanFactory]-[DEBUG] Returning cached instance of singleton bean 'indexController'
2018-08-20 13:48:59,041 [http-bio-8082-exec-1] [org.springframework.web.servlet.DispatcherServlet]-[DEBUG] Last-Modified value for [/] is: -1
2018-08-20 13:48:59,996 [http-bio-8082-exec-1] [org.apache.http.client.protocol.RequestAddCookies]-[DEBUG] CookieSpec selected: best-match
2018-08-20 13:49:00,033 [http-bio-8082-exec-1] [org.apache.http.client.protocol.RequestAuthCache]-[DEBUG] Auth cache not set in the context
2018-08-20 13:49:00,040 [http-bio-8082-exec-1] [org.apache.http.impl.conn.PoolingHttpClientConnectionManager]-[DEBUG] Connection request: [route: {}->http://localhost:8081][total kept alive: 0; route allocated: 0 of 2; total allocated: 0 of 20]
2018-08-20 13:49:00,108 [http-bio-8082-exec-1] [org.apache.http.impl.conn.PoolingHttpClientConnectionManager]-[DEBUG] Connection leased: [id: 0][route: {}->http://localhost:8081][total kept alive: 0; route allocated: 1 of 2; total allocated: 1 of 20]
2018-08-20 13:49:00,113 [http-bio-8082-exec-1] [org.apache.http.impl.execchain.MainClientExec]-[DEBUG] Opening connection {}->http://localhost:8081
2018-08-20 13:49:00,125 [http-bio-8082-exec-1] [org.apache.http.impl.conn.HttpClientConnectionOperator]-[DEBUG] Connecting to localhost/127.0.0.1:8081
2018-08-20 13:49:00,133 [http-bio-8082-exec-1] [org.apache.http.impl.conn.HttpClientConnectionOperator]-[DEBUG] Connection established 127.0.0.1:17104<->127.0.0.1:8081
2018-08-20 13:49:00,133 [http-bio-8082-exec-1] [org.apache.http.impl.execchain.MainClientExec]-[DEBUG] Executing request GET /rest/content/list/89 HTTP/1.1
2018-08-20 13:49:00,134 [http-bio-8082-exec-1] [org.apache.http.impl.execchain.MainClientExec]-[DEBUG] Target auth state: UNCHALLENGED
2018-08-20 13:49:00,134 [http-bio-8082-exec-1] [org.apache.http.impl.execchain.MainClientExec]-[DEBUG] Proxy auth state: UNCHALLENGED
2018-08-20 13:49:00,137 [http-bio-8082-exec-1] [org.apache.http.headers]-[DEBUG] http-outgoing-0 >> GET /rest/content/list/89 HTTP/1.1
2018-08-20 13:49:00,137 [http-bio-8082-exec-1] [org.apache.http.headers]-[DEBUG] http-outgoing-0 >> Host: localhost:8081
2018-08-20 13:49:00,137 [http-bio-8082-exec-1] [org.apache.http.headers]-[DEBUG] http-outgoing-0 >> Connection: Keep-Alive
2018-08-20 13:49:00,137 [http-bio-8082-exec-1] [org.apache.http.headers]-[DEBUG] http-outgoing-0 >> User-Agent: Apache-HttpClient/4.3.5 (java 1.5)
2018-08-20 13:49:00,137 [http-bio-8082-exec-1] [org.apache.http.headers]-[DEBUG] http-outgoing-0 >> Accept-Encoding: gzip,deflate
2018-08-20 13:49:00,137 [http-bio-8082-exec-1] [org.apache.http.wire]-[DEBUG] http-outgoing-0 >> "GET /rest/content/list/89 HTTP/1.1[\r][\n]"
2018-08-20 13:49:00,138 [http-bio-8082-exec-1] [org.apache.http.wire]-[DEBUG] http-outgoing-0 >> "Host: localhost:8081[\r][\n]"
2018-08-20 13:49:00,138 [http-bio-8082-exec-1] [org.apache.http.wire]-[DEBUG] http-outgoing-0 >> "Connection: Keep-Alive[\r][\n]"
2018-08-20 13:49:00,138 [http-bio-8082-exec-1] [org.apache.http.wire]-[DEBUG] http-outgoing-0 >> "User-Agent: Apache-HttpClient/4.3.5 (java 1.5)[\r][\n]"
2018-08-20 13:49:00,138 [http-bio-8082-exec-1] [org.apache.http.wire]-[DEBUG] http-outgoing-0 >> "Accept-Encoding: gzip,deflate[\r][\n]"
2018-08-20 13:49:00,138 [http-bio-8082-exec-1] [org.apache.http.wire]-[DEBUG] http-outgoing-0 >> "[\r][\n]"
2018-08-20 13:49:02,847 [http-bio-8082-exec-2] [org.springframework.web.servlet.DispatcherServlet]-[DEBUG] DispatcherServlet with name 'taotao-portal' processing GET request for [/]
2018-08-20 13:49:02,847 [http-bio-8082-exec-2] [org.springframework.web.servlet.mvc.method.annotation.RequestMappingHandlerMapping]-[DEBUG] Looking up handler method for path /index.html
2018-08-20 13:49:02,848 [http-bio-8082-exec-2] [org.springframework.web.servlet.mvc.method.annotation.RequestMappingHandlerMapping]-[DEBUG] Returning handler method [public java.lang.String com.taotao.portal.controller.IndexController.showIndex(org.springframework.ui.Model)]
2018-08-20 13:49:02,848 [http-bio-8082-exec-2] [org.springframework.beans.factory.support.DefaultListableBeanFactory]-[DEBUG] Returning cached instance of singleton bean 'indexController'
2018-08-20 13:49:02,848 [http-bio-8082-exec-2] [org.springframework.web.servlet.DispatcherServlet]-[DEBUG] Last-Modified value for [/] is: -1
2018-08-20 13:49:02,852 [http-bio-8082-exec-2] [org.apache.http.client.protocol.RequestAddCookies]-[DEBUG] CookieSpec selected: best-match
2018-08-20 13:49:02,853 [http-bio-8082-exec-2] [org.apache.http.client.protocol.RequestAuthCache]-[DEBUG] Auth cache not set in the context
2018-08-20 13:49:02,853 [http-bio-8082-exec-2] [org.apache.http.impl.conn.PoolingHttpClientConnectionManager]-[DEBUG] Connection request: [route: {}->http://localhost:8081][total kept alive: 0; route allocated: 0 of 2; total allocated: 0 of 20]
2018-08-20 13:49:02,853 [http-bio-8082-exec-2] [org.apache.http.impl.conn.PoolingHttpClientConnectionManager]-[DEBUG] Connection leased: [id: 1][route: {}->http://localhost:8081][total kept alive: 0; route allocated: 1 of 2; total allocated: 1 of 20]
2018-08-20 13:49:02,853 [http-bio-8082-exec-2] [org.apache.http.impl.execchain.MainClientExec]-[DEBUG] Opening connection {}->http://localhost:8081
2018-08-20 13:49:02,854 [http-bio-8082-exec-2] [org.apache.http.impl.conn.HttpClientConnectionOperator]-[DEBUG] Connecting to localhost/127.0.0.1:8081
2018-08-20 13:49:02,856 [http-bio-8082-exec-2] [org.apache.http.impl.conn.HttpClientConnectionOperator]-[DEBUG] Connection established 127.0.0.1:17111<->127.0.0.1:8081
2018-08-20 13:49:02,856 [http-bio-8082-exec-2] [org.apache.http.impl.execchain.MainClientExec]-[DEBUG] Executing request GET /rest/content/list/89 HTTP/1.1
2018-08-20 13:49:02,857 [http-bio-8082-exec-2] [org.apache.http.impl.execchain.MainClientExec]-[DEBUG] Target auth state: UNCHALLENGED
2018-08-20 13:49:02,857 [http-bio-8082-exec-2] [org.apache.http.impl.execchain.MainClientExec]-[DEBUG] Proxy auth state: UNCHALLENGED
2018-08-20 13:49:02,857 [http-bio-8082-exec-2] [org.apache.http.headers]-[DEBUG] http-outgoing-1 >> GET /rest/content/list/89 HTTP/1.1
2018-08-20 13:49:02,857 [http-bio-8082-exec-2] [org.apache.http.headers]-[DEBUG] http-outgoing-1 >> Host: localhost:8081
2018-08-20 13:49:02,857 [http-bio-8082-exec-2] [org.apache.http.headers]-[DEBUG] http-outgoing-1 >> Connection: Keep-Alive
2018-08-20 13:49:02,857 [http-bio-8082-exec-2] [org.apache.http.headers]-[DEBUG] http-outgoing-1 >> User-Agent: Apache-HttpClient/4.3.5 (java 1.5)
2018-08-20 13:49:02,857 [http-bio-8082-exec-2] [org.apache.http.headers]-[DEBUG] http-outgoing-1 >> Accept-Encoding: gzip,deflate
2018-08-20 13:49:02,857 [http-bio-8082-exec-2] [org.apache.http.wire]-[DEBUG] http-outgoing-1 >> "GET /rest/content/list/89 HTTP/1.1[\r][\n]"
2018-08-20 13:49:02,858 [http-bio-8082-exec-2] [org.apache.http.wire]-[DEBUG] http-outgoing-1 >> "Host: localhost:8081[\r][\n]"
2018-08-20 13:49:02,858 [http-bio-8082-exec-2] [org.apache.http.wire]-[DEBUG] http-outgoing-1 >> "Connection: Keep-Alive[\r][\n]"
2018-08-20 13:49:02,858 [http-bio-8082-exec-2] [org.apache.http.wire]-[DEBUG] http-outgoing-1 >> "User-Agent: Apache-HttpClient/4.3.5 (java 1.5)[\r][\n]"
2018-08-20 13:49:02,858 [http-bio-8082-exec-2] [org.apache.http.wire]-[DEBUG] http-outgoing-1 >> "Accept-Encoding: gzip,deflate[\r][\n]"
2018-08-20 13:49:02,858 [http-bio-8082-exec-2] [org.apache.http.wire]-[DEBUG] http-outgoing-1 >> "[\r][\n]"
2018-08-20 13:49:03,667 [http-bio-8082-exec-1] [org.apache.http.wire]-[DEBUG] http-outgoing-0 << "HTTP/1.1 200 OK[\r][\n]"
2018-08-20 13:49:03,667 [http-bio-8082-exec-2] [org.apache.http.wire]-[DEBUG] http-outgoing-1 << "HTTP/1.1 200 OK[\r][\n]"
2018-08-20 13:49:03,668 [http-bio-8082-exec-1] [org.apache.http.wire]-[DEBUG] http-outgoing-0 << "Server: Apache-Coyote/1.1[\r][\n]"
2018-08-20 13:49:03,668 [http-bio-8082-exec-2] [org.apache.http.wire]-[DEBUG] http-outgoing-1 << "Server: Apache-Coyote/1.1[\r][\n]"
2018-08-20 13:49:03,668 [http-bio-8082-exec-1] [org.apache.http.wire]-[DEBUG] http-outgoing-0 << "Content-Type: application/json;charset=UTF-8[\r][\n]"
2018-08-20 13:49:03,668 [http-bio-8082-exec-1] [org.apache.http.wire]-[DEBUG] http-outgoing-0 << "Transfer-Encoding: chunked[\r][\n]"
2018-08-20 13:49:03,668 [http-bio-8082-exec-1] [org.apache.http.wire]-[DEBUG] http-outgoing-0 << "Date: Mon, 20 Aug 2018 05:49:03 GMT[\r][\n]"
2018-08-20 13:49:03,668 [http-bio-8082-exec-1] [org.apache.http.wire]-[DEBUG] http-outgoing-0 << "[\r][\n]"
2018-08-20 13:49:03,668 [http-bio-8082-exec-2] [org.apache.http.wire]-[DEBUG] http-outgoing-1 << "Content-Type: application/json;charset=UTF-8[\r][\n]"
2018-08-20 13:49:03,668 [http-bio-8082-exec-1] [org.apache.http.wire]-[DEBUG] http-outgoing-0 << "4de[\r][\n]"
2018-08-20 13:49:03,668 [http-bio-8082-exec-2] [org.apache.http.wire]-[DEBUG] http-outgoing-1 << "Transfer-Encoding: chunked[\r][\n]"
2018-08-20 13:49:03,669 [http-bio-8082-exec-2] [org.apache.http.wire]-[DEBUG] http-outgoing-1 << "Date: Mon, 20 Aug 2018 05:49:03 GMT[\r][\n]"
2018-08-20 13:49:03,669 [http-bio-8082-exec-2] [org.apache.http.wire]-[DEBUG] http-outgoing-1 << "[\r][\n]"
2018-08-20 13:49:03,669 [http-bio-8082-exec-2] [org.apache.http.wire]-[DEBUG] http-outgoing-1 << "4de[\r][\n]"
2018-08-20 13:49:03,669 [http-bio-8082-exec-1] [org.apache.http.wire]-[DEBUG] http-outgoing-0 << "{"status":200,"msg":"OK","data":[{"id":33,"categoryId":89,"title":"[0xe5][0xb9][0xbf][0xe5][0x91][0x8a]1","subTitle":"[0xe5][0xb9][0xbf][0xe5][0x91][0x8a]1","titleDesc":"[0xe5][0xb9][0xbf][0xe5][0x91][0x8a]1","url":"http://www.baidu.com","pic":"http://192.168.18.135/images/2018/08/20/1534744021815484.jpg","pic2":"http://192.168.18.135/images/2018/08/20/1534744027224516.jpg","created":1534744037000,"updated":1534744037000,"content":null},{"id":34,"categoryId":89,"title":"[0xe5][0xb9][0xbf][0xe5][0x91][0x8a]2","subTitle":"[0xe5][0xb9][0xbf][0xe5][0x91][0x8a]2","titleDesc":"[0xe5][0xb9][0xbf][0xe5][0x91][0x8a]2","url":"","pic":"http://192.168.18.135/images/2018/08/20/1534744055831839.jpg","pic2":"http://192.168.18.135/images/2018/08/20/1534744060287997.jpg","created":1534744062000,"updated":1534744062000,"content":null},{"id":35,"categoryId":89,"title":"[0xe5][0x9b][0xbe][0xe7][0x89][0x87]3","subTitle":"[0xe5][0x9b][0xbe][0xe7][0x89][0x87]3","titleDesc":"[0xe5][0x9b][0xbe][0xe7][0x89][0x87]3","url":"","pic":"http://192.168.18.135/images/2018/08/20/1534744075289915.jpg","pic2":"http://192.168.18.135/images/2018/08/20/1534744079481418.jpg","created":1534744082000,"updated":1534744082000,"content":null},{"id":36,"categoryId":89,"title":"[0xe5][0x9b][0xbe][0xe7][0x89][0x87]4","subTitle":"[0xe5][0x9b][0xbe][0xe7][0x89][0x87]4","titleDesc":"[0xe5][0x9b][0xbe][0xe7][0x89][0x87]4","url":"","pic":"http://192.168.18.135/images/2018/08/20/1534744095432967.jpg","pic2":"http://192.168.18.135/images/2018/08/20/1534744099510492.jpg","created":1534744104000,"updated":1534744104000,"content":null}]}[\r][\n]"
2018-08-20 13:49:03,669 [http-bio-8082-exec-2] [org.apache.http.wire]-[DEBUG] http-outgoing-1 << "{"status":200,"msg":"OK","data":[{"id":33,"categoryId":89,"title":"[0xe5][0xb9][0xbf][0xe5][0x91][0x8a]1","subTitle":"[0xe5][0xb9][0xbf][0xe5][0x91][0x8a]1","titleDesc":"[0xe5][0xb9][0xbf][0xe5][0x91][0x8a]1","url":"http://www.baidu.com","pic":"http://192.168.18.135/images/2018/08/20/1534744021815484.jpg","pic2":"http://192.168.18.135/images/2018/08/20/1534744027224516.jpg","created":1534744037000,"updated":1534744037000,"content":null},{"id":34,"categoryId":89,"title":"[0xe5][0xb9][0xbf][0xe5][0x91][0x8a]2","subTitle":"[0xe5][0xb9][0xbf][0xe5][0x91][0x8a]2","titleDesc":"[0xe5][0xb9][0xbf][0xe5][0x91][0x8a]2","url":"","pic":"http://192.168.18.135/images/2018/08/20/1534744055831839.jpg","pic2":"http://192.168.18.135/images/2018/08/20/1534744060287997.jpg","created":1534744062000,"updated":1534744062000,"content":null},{"id":35,"categoryId":89,"title":"[0xe5][0x9b][0xbe][0xe7][0x89][0x87]3","subTitle":"[0xe5][0x9b][0xbe][0xe7][0x89][0x87]3","titleDesc":"[0xe5][0x9b][0xbe][0xe7][0x89][0x87]3","url":"","pic":"http://192.168.18.135/images/2018/08/20/1534744075289915.jpg","pic2":"http://192.168.18.135/images/2018/08/20/1534744079481418.jpg","created":1534744082000,"updated":1534744082000,"content":null},{"id":36,"categoryId":89,"title":"[0xe5][0x9b][0xbe][0xe7][0x89][0x87]4","subTitle":"[0xe5][0x9b][0xbe][0xe7][0x89][0x87]4","titleDesc":"[0xe5][0x9b][0xbe][0xe7][0x89][0x87]4","url":"","pic":"http://192.168.18.135/images/2018/08/20/1534744095432967.jpg","pic2":"http://192.168.18.135/images/2018/08/20/1534744099510492.jpg","created":1534744104000,"updated":1534744104000,"content":null}]}[\r][\n]"
2018-08-20 13:49:03,673 [http-bio-8082-exec-1] [org.apache.http.headers]-[DEBUG] http-outgoing-0 << HTTP/1.1 200 OK
2018-08-20 13:49:03,675 [http-bio-8082-exec-2] [org.apache.http.headers]-[DEBUG] http-outgoing-1 << HTTP/1.1 200 OK
2018-08-20 13:49:03,675 [http-bio-8082-exec-1] [org.apache.http.headers]-[DEBUG] http-outgoing-0 << Server: Apache-Coyote/1.1
2018-08-20 13:49:03,675 [http-bio-8082-exec-2] [org.apache.http.headers]-[DEBUG] http-outgoing-1 << Server: Apache-Coyote/1.1
2018-08-20 13:49:03,675 [http-bio-8082-exec-2] [org.apache.http.headers]-[DEBUG] http-outgoing-1 << Content-Type: application/json;charset=UTF-8
2018-08-20 13:49:03,675 [http-bio-8082-exec-2] [org.apache.http.headers]-[DEBUG] http-outgoing-1 << Transfer-Encoding: chunked
2018-08-20 13:49:03,675 [http-bio-8082-exec-1] [org.apache.http.headers]-[DEBUG] http-outgoing-0 << Content-Type: application/json;charset=UTF-8
2018-08-20 13:49:03,676 [http-bio-8082-exec-1] [org.apache.http.headers]-[DEBUG] http-outgoing-0 << Transfer-Encoding: chunked
2018-08-20 13:49:03,676 [http-bio-8082-exec-1] [org.apache.http.headers]-[DEBUG] http-outgoing-0 << Date: Mon, 20 Aug 2018 05:49:03 GMT
2018-08-20 13:49:03,675 [http-bio-8082-exec-2] [org.apache.http.headers]-[DEBUG] http-outgoing-1 << Date: Mon, 20 Aug 2018 05:49:03 GMT
2018-08-20 13:49:03,685 [http-bio-8082-exec-2] [org.apache.http.impl.execchain.MainClientExec]-[DEBUG] Connection can be kept alive indefinitely
2018-08-20 13:49:03,685 [http-bio-8082-exec-1] [org.apache.http.impl.execchain.MainClientExec]-[DEBUG] Connection can be kept alive indefinitely
2018-08-20 13:49:03,693 [http-bio-8082-exec-1] [org.apache.http.wire]-[DEBUG] http-outgoing-0 << "0[\r][\n]"
2018-08-20 13:49:03,693 [http-bio-8082-exec-2] [org.apache.http.wire]-[DEBUG] http-outgoing-1 << "0[\r][\n]"
2018-08-20 13:49:03,694 [http-bio-8082-exec-2] [org.apache.http.wire]-[DEBUG] http-outgoing-1 << "[\r][\n]"
2018-08-20 13:49:03,693 [http-bio-8082-exec-1] [org.apache.http.wire]-[DEBUG] http-outgoing-0 << "[\r][\n]"
2018-08-20 13:49:03,694 [http-bio-8082-exec-1] [org.apache.http.impl.conn.PoolingHttpClientConnectionManager]-[DEBUG] Connection [id: 0][route: {}->http://localhost:8081] can be kept alive indefinitely
2018-08-20 13:49:03,694 [http-bio-8082-exec-1] [org.apache.http.impl.conn.PoolingHttpClientConnectionManager]-[DEBUG] Connection released: [id: 0][route: {}->http://localhost:8081][total kept alive: 1; route allocated: 1 of 2; total allocated: 1 of 20]
2018-08-20 13:49:03,694 [http-bio-8082-exec-2] [org.apache.http.impl.conn.PoolingHttpClientConnectionManager]-[DEBUG] Connection [id: 1][route: {}->http://localhost:8081] can be kept alive indefinitely
2018-08-20 13:49:03,695 [http-bio-8082-exec-1] [org.apache.http.impl.conn.PoolingHttpClientConnectionManager]-[DEBUG] Connection manager is shutting down
2018-08-20 13:49:03,695 [http-bio-8082-exec-2] [org.apache.http.impl.conn.PoolingHttpClientConnectionManager]-[DEBUG] Connection released: [id: 1][route: {}->http://localhost:8081][total kept alive: 1; route allocated: 1 of 2; total allocated: 1 of 20]
2018-08-20 13:49:03,695 [http-bio-8082-exec-1] [org.apache.http.impl.conn.DefaultManagedHttpClientConnection]-[DEBUG] http-outgoing-0: Close connection
2018-08-20 13:49:03,695 [http-bio-8082-exec-2] [org.apache.http.impl.conn.PoolingHttpClientConnectionManager]-[DEBUG] Connection manager is shutting down
2018-08-20 13:49:03,695 [http-bio-8082-exec-2] [org.apache.http.impl.conn.DefaultManagedHttpClientConnection]-[DEBUG] http-outgoing-1: Close connection
2018-08-20 13:49:03,696 [http-bio-8082-exec-1] [org.apache.http.impl.conn.DefaultManagedHttpClientConnection]-[DEBUG] http-outgoing-0: Close connection
2018-08-20 13:49:03,696 [http-bio-8082-exec-2] [org.apache.http.impl.conn.DefaultManagedHttpClientConnection]-[DEBUG] http-outgoing-1: Close connection
2018-08-20 13:49:03,696 [http-bio-8082-exec-1] [org.apache.http.impl.conn.PoolingHttpClientConnectionManager]-[DEBUG] Connection manager shut down
2018-08-20 13:49:03,696 [http-bio-8082-exec-2] [org.apache.http.impl.conn.PoolingHttpClientConnectionManager]-[DEBUG] Connection manager shut down
2018-08-20 13:49:03,901 [http-bio-8082-exec-1] [org.springframework.beans.factory.support.DefaultListableBeanFactory]-[DEBUG] Invoking afterPropertiesSet() on bean with name 'index'
2018-08-20 13:49:03,901 [http-bio-8082-exec-2] [org.springframework.web.servlet.DispatcherServlet]-[DEBUG] Rendering view [org.springframework.web.servlet.view.JstlView: name 'index'; URL [/WEB-INF/jsp/index.jsp]] in DispatcherServlet with name 'taotao-portal'
2018-08-20 13:49:03,901 [http-bio-8082-exec-1] [org.springframework.web.servlet.DispatcherServlet]-[DEBUG] Rendering view [org.springframework.web.servlet.view.JstlView: name 'index'; URL [/WEB-INF/jsp/index.jsp]] in DispatcherServlet with name 'taotao-portal'
2018-08-20 13:49:03,901 [http-bio-8082-exec-1] [org.springframework.web.servlet.view.JstlView]-[DEBUG] Added model object 'ad1' of type [java.lang.String] to request in view with name 'index'
2018-08-20 13:49:03,901 [http-bio-8082-exec-2] [org.springframework.web.servlet.view.JstlView]-[DEBUG] Added model object 'ad1' of type [java.lang.String] to request in view with name 'index'
2018-08-20 13:49:03,907 [http-bio-8082-exec-1] [org.springframework.web.servlet.view.JstlView]-[DEBUG] Forwarding to resource [/WEB-INF/jsp/index.jsp] in InternalResourceView 'index'
2018-08-20 13:49:03,907 [http-bio-8082-exec-2] [org.springframework.web.servlet.view.JstlView]-[DEBUG] Forwarding to resource [/WEB-INF/jsp/index.jsp] in InternalResourceView 'index'
2018-08-20 13:49:05,162 [http-bio-8082-exec-1] [org.springframework.web.servlet.DispatcherServlet]-[DEBUG] Successfully completed request
2018-08-20 13:49:05,162 [http-bio-8082-exec-2] [org.springframework.web.servlet.DispatcherServlet]-[DEBUG] Successfully completed request
